Started GET "/" for 127.0.0.1 at 2021-12-13 22:52:48 +0300
  [1m[35m (20.5ms)[0m  [1m[34mSELECT sqlite_version(*)[0m
Processing by Rails::WelcomeController#index as HTML
  Rendering /var/lib/gems/2.7.0/gems/railties-6.1.4.1/lib/rails/templates/rails/welcome/index.html.erb
  Rendered /var/lib/gems/2.7.0/gems/railties-6.1.4.1/lib/rails/templates/rails/welcome/index.html.erb (Duration: 20.2ms | Allocations: 444)
Completed 200 OK in 177ms (Views: 71.8ms | ActiveRecord: 0.0ms | Allocations: 3625)


Started GET "/" for 127.0.0.1 at 2021-12-13 22:54:27 +0300
  [1m[35m (5.0ms)[0m  [1m[34mSELECT sqlite_version(*)[0m
Processing by Rails::WelcomeController#index as HTML
  Rendering /var/lib/gems/2.7.0/gems/railties-6.1.4.1/lib/rails/templates/rails/welcome/index.html.erb
  Rendered /var/lib/gems/2.7.0/gems/railties-6.1.4.1/lib/rails/templates/rails/welcome/index.html.erb (Duration: 7.2ms | Allocations: 332)
Completed 200 OK in 35ms (Views: 17.8ms | ActiveRecord: 0.0ms | Allocations: 2436)


Started GET "/" for 127.0.0.1 at 2021-12-13 22:54:57 +0300
  [1m[35m (1.2ms)[0m  [1m[34mSELECT sqlite_version(*)[0m
Processing by Rails::WelcomeController#index as HTML
  Rendering /var/lib/gems/2.7.0/gems/railties-6.1.4.1/lib/rails/templates/rails/welcome/index.html.erb
  Rendered /var/lib/gems/2.7.0/gems/railties-6.1.4.1/lib/rails/templates/rails/welcome/index.html.erb (Duration: 11.1ms | Allocations: 332)
Completed 200 OK in 30ms (Views: 17.6ms | ActiveRecord: 0.0ms | Allocations: 2451)


Started GET "/" for 127.0.0.1 at 2021-12-13 22:55:00 +0300
Processing by Rails::WelcomeController#index as HTML
  Rendering /var/lib/gems/2.7.0/gems/railties-6.1.4.1/lib/rails/templates/rails/welcome/index.html.erb
  Rendered /var/lib/gems/2.7.0/gems/railties-6.1.4.1/lib/rails/templates/rails/welcome/index.html.erb (Duration: 5.7ms | Allocations: 220)
Completed 200 OK in 12ms (Views: 10.4ms | ActiveRecord: 0.0ms | Allocations: 835)


Started GET "/index/input" for 127.0.0.1 at 2021-12-13 22:55:01 +0300
Processing by IndexController#input as HTML
  Rendering layout layouts/application.html.erb
  Rendering index/input.html.erb within layouts/application
  Rendered index/input.html.erb within layouts/application (Duration: 5.8ms | Allocations: 106)
[Webpacker] Compiling...
Started GET "/index/input" for 127.0.0.1 at 2021-12-13 22:55:02 +0300
Processing by IndexController#input as HTML
  Rendering layout layouts/application.html.erb
  Rendering index/input.html.erb within layouts/application
  Rendered index/input.html.erb within layouts/application (Duration: 0.1ms | Allocations: 36)
[Webpacker] Compiling...
[Webpacker] Compiled all packs in /app/LR8/ruby_lab/lr8_new/public/packs
[Webpacker] Hash: e2a8a876c5815bee1e21
Version: webpack 4.46.0
Time: 8152ms
Built at: 12/13/2021 10:55:17 PM
                                     Asset       Size       Chunks                         Chunk Names
    js/application-e421b4aa3f716bebdab1.js    125 KiB  application  [emitted] [immutable]  application
js/application-e421b4aa3f716bebdab1.js.map    139 KiB  application  [emitted] [dev]        application
                             manifest.json  364 bytes               [emitted]              
Entrypoint application = js/application-e421b4aa3f716bebdab1.js js/application-e421b4aa3f716bebdab1.js.map
[./app/javascript/channels sync recursive _channel\.js$] ./app/javascript/channels sync _channel\.js$ 160 bytes {application} [built]
[./app/javascript/channels/index.js] 211 bytes {application} [built]
[./app/javascript/packs/application.js] 492 bytes {application} [built]
[./node_modules/webpack/buildin/module.js] (webpack)/buildin/module.js 552 bytes {application} [built]
    + 3 hidden modules

[Webpacker] Compiled all packs in /app/LR8/ruby_lab/lr8_new/public/packs
[Webpacker] Hash: e2a8a876c5815bee1e21
Version: webpack 4.46.0
Time: 8127ms
Built at: 12/13/2021 10:55:17 PM
                                     Asset       Size       Chunks                         Chunk Names
    js/application-e421b4aa3f716bebdab1.js    125 KiB  application  [emitted] [immutable]  application
js/application-e421b4aa3f716bebdab1.js.map    139 KiB  application  [emitted] [dev]        application
                             manifest.json  364 bytes               [emitted]              
Entrypoint application = js/application-e421b4aa3f716bebdab1.js js/application-e421b4aa3f716bebdab1.js.map
[./app/javascript/channels sync recursive _channel\.js$] ./app/javascript/channels sync _channel\.js$ 160 bytes {application} [built]
[./app/javascript/channels/index.js] 211 bytes {application} [built]
[./app/javascript/packs/application.js] 492 bytes {application} [built]
[./node_modules/webpack/buildin/module.js] (webpack)/buildin/module.js 552 bytes {application} [built]
    + 3 hidden modules

  Rendered layout layouts/application.html.erb (Duration: 16145.9ms | Allocations: 22979)
Completed 200 OK in 16155ms (Views: 16152.3ms | ActiveRecord: 0.0ms | Allocations: 24059)


  Rendered layout layouts/application.html.erb (Duration: 15223.1ms | Allocations: 5734)
Completed 200 OK in 15228ms (Views: 15227.9ms | ActiveRecord: 0.0ms | Allocations: 6060)


Started GET "/index/input" for 127.0.0.1 at 2021-12-13 23:07:17 +0300
  
ActionController::RoutingError (No route matches [GET] "/index/input"):
  
Started GET "/index/input" for 127.0.0.1 at 2021-12-13 23:07:19 +0300
  
ActionController::RoutingError (No route matches [GET] "/index/input"):
  
Started GET "/index/input" for 127.0.0.1 at 2021-12-13 23:07:20 +0300
  
ActionController::RoutingError (No route matches [GET] "/index/input"):
  
Started GET "/" for 127.0.0.1 at 2021-12-13 23:07:21 +0300
Processing by IndexController#input as HTML
  Rendering layout layouts/application.html.erb
  Rendering index/input.html.erb within layouts/application
  Rendered index/input.html.erb within layouts/application (Duration: 0.2ms | Allocations: 36)
[Webpacker] Everything's up-to-date. Nothing to do
  Rendered layout layouts/application.html.erb (Duration: 52.2ms | Allocations: 3633)
Completed 200 OK in 58ms (Views: 56.8ms | Allocations: 4202)


Started GET "/" for 127.0.0.1 at 2021-12-13 23:08:15 +0300
Processing by IndexController#input as HTML
  Rendering layout layouts/application.html.erb
  Rendering index/input.html.erb within layouts/application
  Rendered index/input.html.erb within layouts/application (Duration: 26.4ms | Allocations: 4231)
  Rendered layout layouts/application.html.erb (Duration: 30.2ms | Allocations: 4295)
Completed 500 Internal Server Error in 39ms (Allocations: 5365)


  
ActionView::Template::Error (undefined local variable or method `solver_index_url' for #<ActionView::Base:0x000000000095d8>):
    31:         <div class="row">
    32:             <div class="col-3">
    33: 
    34:                 <%= form_for :data_form, url: solver_index_url do |f| %>
    35:                     <div class="mb-3">
    36:                         <label for="exampleInputEmail1" class="form-label">N</label>
    37:                         <%= f.text_field( :n, {:class=>"form-control", :required => 'required'} )%>
  
app/views/index/input.html.erb:34
Started GET "/" for 127.0.0.1 at 2021-12-13 23:09:09 +0300
Processing by IndexController#input as HTML
  Rendering layout layouts/application.html.erb
  Rendering index/input.html.erb within layouts/application
  Rendered index/input.html.erb within layouts/application (Duration: 17.7ms | Allocations: 4209)
  Rendered layout layouts/application.html.erb (Duration: 22.9ms | Allocations: 4274)
Completed 500 Internal Server Error in 38ms (Allocations: 5344)


  
ActionView::Template::Error (undefined local variable or method `solver_index_url' for #<ActionView::Base:0x00000000009a88>):
    32:             <div class="col-3">
    33: 
    34:                 <!--
    35:                 <%= form_for :data_form, url: solver_index_url do |f| %>
    36:                     <div class="mb-3">
    37:                         <label for="exampleInputEmail1" class="form-label">N</label>
    38:                         <%= f.text_field( :n, {:class=>"form-control", :required => 'required'} )%>
  
app/views/index/input.html.erb:35
Started GET "/" for 127.0.0.1 at 2021-12-13 23:09:12 +0300
Processing by IndexController#input as HTML
  Rendering layout layouts/application.html.erb
  Rendering index/input.html.erb within layouts/application
  Rendered index/input.html.erb within layouts/application (Duration: 15.7ms | Allocations: 3976)
  Rendered layout layouts/application.html.erb (Duration: 20.4ms | Allocations: 4040)
Completed 500 Internal Server Error in 28ms (Allocations: 4391)


  
ActionView::Template::Error (undefined local variable or method `solver_index_url' for #<ActionView::Base:0x00000000009e98>):
    32:             <div class="col-3">
    33: 
    34:                 <!--
    35:                 <%= form_for :data_form, url: solver_index_url do |f| %>
    36:                     <div class="mb-3">
    37:                         <label for="exampleInputEmail1" class="form-label">N</label>
    38:                         <%= f.text_field( :n, {:class=>"form-control", :required => 'required'} )%>
  
app/views/index/input.html.erb:35
Started GET "/" for 127.0.0.1 at 2021-12-13 23:09:38 +0300
Processing by IndexController#input as HTML
  Rendering layout layouts/application.html.erb
  Rendering index/input.html.erb within layouts/application
  Rendered index/input.html.erb within layouts/application (Duration: 6.8ms | Allocations: 4274)
  Rendered layout layouts/application.html.erb (Duration: 12.7ms | Allocations: 4338)
Completed 500 Internal Server Error in 21ms (Allocations: 5401)


  
ActionView::Template::Error (undefined local variable or method `f' for #<ActionView::Base:0x0000000000a1b8>):
    35:                 
    36:                     <div class="mb-3">
    37:                         <label for="exampleInputEmail1" class="form-label">N</label>
    38:                         <%= f.text_field( :n, {:class=>"form-control", :required => 'required'} )%>
    39:                     </div>
    40:                     <div class="mb-3">
    41:                         <label for="exampleInputPassword1" class="form-label">A[]</label>
  
app/views/index/input.html.erb:38
Started GET "/" for 127.0.0.1 at 2021-12-13 23:09:55 +0300
Processing by IndexController#input as HTML
  Rendering layout layouts/application.html.erb
  Rendering index/input.html.erb within layouts/application
  Rendered index/input.html.erb within layouts/application (Duration: 4.2ms | Allocations: 154)
[Webpacker] Everything's up-to-date. Nothing to do
  Rendered layout layouts/application.html.erb (Duration: 60.0ms | Allocations: 3792)
Completed 200 OK in 67ms (Views: 65.3ms | Allocations: 4882)


Started GET "/" for 127.0.0.1 at 2021-12-13 23:12:20 +0300
Processing by IndexController#input as HTML
  Rendering layout layouts/application.html.erb
  Rendering index/input.html.erb within layouts/application
  Rendered index/input.html.erb within layouts/application (Duration: 8.1ms | Allocations: 157)
[Webpacker] Everything's up-to-date. Nothing to do
  Rendered layout layouts/application.html.erb (Duration: 87.0ms | Allocations: 3788)
Completed 200 OK in 102ms (Views: 97.1ms | Allocations: 4869)


Started GET "/" for 127.0.0.1 at 2021-12-13 23:14:37 +0300
Processing by IndexController#input as HTML
  Rendering layout layouts/application.html.erb
  Rendering index/input.html.erb within layouts/application
  Rendered index/input.html.erb within layouts/application (Duration: 10.2ms | Allocations: 160)
[Webpacker] Everything's up-to-date. Nothing to do
  Rendered layout layouts/application.html.erb (Duration: 83.9ms | Allocations: 3800)
Completed 200 OK in 98ms (Views: 92.5ms | Allocations: 4890)


Started GET "/" for 127.0.0.1 at 2021-12-13 23:15:09 +0300
Processing by IndexController#input as HTML
  Rendering layout layouts/application.html.erb
  Rendering index/input.html.erb within layouts/application
  Rendered index/input.html.erb within layouts/application (Duration: 4.8ms | Allocations: 160)
[Webpacker] Everything's up-to-date. Nothing to do
  Rendered layout layouts/application.html.erb (Duration: 63.5ms | Allocations: 3788)
Completed 200 OK in 70ms (Views: 68.7ms | Allocations: 4869)


Started GET "/" for 127.0.0.1 at 2021-12-13 23:15:47 +0300
  [1m[35m (2.5ms)[0m  [1m[34mSELECT sqlite_version(*)[0m
Processing by IndexController#input as HTML
  Rendering layout layouts/application.html.erb
  Rendering index/input.html.erb within layouts/application
  Rendered index/input.html.erb within layouts/application (Duration: 5.8ms | Allocations: 269)
[Webpacker] Everything's up-to-date. Nothing to do
  Rendered layout layouts/application.html.erb (Duration: 120.3ms | Allocations: 5775)
Completed 200 OK in 146ms (Views: 131.0ms | ActiveRecord: 0.0ms | Allocations: 8359)


Started GET "/?a=asdfasdf" for 127.0.0.1 at 2021-12-13 23:17:19 +0300
Processing by IndexController#input as HTML
  Parameters: {"a"=>"asdfasdf"}
  Rendering layout layouts/application.html.erb
  Rendering index/input.html.erb within layouts/application
  Rendered index/input.html.erb within layouts/application (Duration: 0.6ms | Allocations: 36)
[Webpacker] Everything's up-to-date. Nothing to do
  Rendered layout layouts/application.html.erb (Duration: 67.5ms | Allocations: 3491)
Completed 200 OK in 77ms (Views: 71.3ms | ActiveRecord: 0.0ms | Allocations: 3870)


Started GET "/?a=" for 127.0.0.1 at 2021-12-13 23:24:48 +0300
Processing by IndexController#input as HTML
  Parameters: {"a"=>""}
  Rendering layout layouts/application.html.erb
  Rendering index/input.html.erb within layouts/application
  Rendered index/input.html.erb within layouts/application (Duration: 4.1ms | Allocations: 156)
[Webpacker] Everything's up-to-date. Nothing to do
  Rendered layout layouts/application.html.erb (Duration: 54.1ms | Allocations: 3774)
Completed 200 OK in 62ms (Views: 59.8ms | Allocations: 4877)


Started GET "/?a=" for 127.0.0.1 at 2021-12-13 23:25:41 +0300
Processing by IndexController#input as HTML
  Parameters: {"a"=>""}
  Rendering layout layouts/application.html.erb
  Rendering index/input.html.erb within layouts/application
  Rendered index/input.html.erb within layouts/application (Duration: 0.4ms | Allocations: 36)
[Webpacker] Everything's up-to-date. Nothing to do
  Rendered layout layouts/application.html.erb (Duration: 60.3ms | Allocations: 3491)
Completed 200 OK in 64ms (Views: 63.5ms | Allocations: 3870)


Started GET "/index/output?a=" for 127.0.0.1 at 2021-12-13 23:25:43 +0300
Processing by IndexController#output as HTML
  Parameters: {"a"=>""}
  Rendering layout layouts/application.html.erb
  Rendering index/output.html.erb within layouts/application
  Rendered index/output.html.erb within layouts/application (Duration: 3.9ms | Allocations: 144)
[Webpacker] Everything's up-to-date. Nothing to do
  Rendered layout layouts/application.html.erb (Duration: 53.7ms | Allocations: 3602)
Completed 200 OK in 60ms (Views: 58.5ms | Allocations: 4108)


Started GET "/index/output?a=" for 127.0.0.1 at 2021-12-13 23:25:52 +0300
Processing by IndexController#output as HTML
  Parameters: {"a"=>""}
  Rendering layout layouts/application.html.erb
  Rendering index/output.html.erb within layouts/application
  Rendered index/output.html.erb within layouts/application (Duration: 4.5ms | Allocations: 137)
[Webpacker] Everything's up-to-date. Nothing to do
  Rendered layout layouts/application.html.erb (Duration: 52.4ms | Allocations: 3764)
Completed 200 OK in 63ms (Views: 60.4ms | Allocations: 4845)


Started GET "/index/output?a=" for 127.0.0.1 at 2021-12-13 23:27:52 +0300
Processing by IndexController#output as HTML
  Parameters: {"a"=>""}
  Rendering layout layouts/application.html.erb
  Rendering index/output.html.erb within layouts/application
  Rendered index/output.html.erb within layouts/application (Duration: 3.2ms | Allocations: 137)
[Webpacker] Everything's up-to-date. Nothing to do
  Rendered layout layouts/application.html.erb (Duration: 69.2ms | Allocations: 3772)
Completed 200 OK in 91ms (Views: 82.1ms | Allocations: 4864)


Started GET "/?a=" for 127.0.0.1 at 2021-12-13 23:27:53 +0300
Processing by IndexController#input as HTML
  Parameters: {"a"=>""}
  Rendering layout layouts/application.html.erb
  Rendering index/input.html.erb within layouts/application
  Rendered index/input.html.erb within layouts/application (Duration: 5.0ms | Allocations: 215)
[Webpacker] Everything's up-to-date. Nothing to do
  Rendered layout layouts/application.html.erb (Duration: 75.0ms | Allocations: 3671)
Completed 200 OK in 83ms (Views: 81.5ms | Allocations: 4173)


Started GET "/index/output?a=" for 127.0.0.1 at 2021-12-13 23:27:54 +0300
Processing by IndexController#output as HTML
  Parameters: {"a"=>""}
  Rendering layout layouts/application.html.erb
  Rendering index/output.html.erb within layouts/application
  Rendered index/output.html.erb within layouts/application (Duration: 0.1ms | Allocations: 36)
[Webpacker] Everything's up-to-date. Nothing to do
  Rendered layout layouts/application.html.erb (Duration: 50.4ms | Allocations: 3489)
Completed 200 OK in 57ms (Views: 55.5ms | Allocations: 3863)


Started GET "/index/output?a=" for 127.0.0.1 at 2021-12-13 23:39:37 +0300
Processing by IndexController#output as HTML
  Parameters: {"a"=>""}
  Rendering layout layouts/application.html.erb
  Rendering index/output.html.erb within layouts/application
  Rendered index/output.html.erb within layouts/application (Duration: 4.3ms | Allocations: 151)
[Webpacker] Everything's up-to-date. Nothing to do
  Rendered layout layouts/application.html.erb (Duration: 66.1ms | Allocations: 3778)
Completed 200 OK in 79ms (Views: 74.5ms | Allocations: 4859)


Started GET "/index/output?a=" for 127.0.0.1 at 2021-12-13 23:42:05 +0300
Processing by IndexController#output as HTML
  Parameters: {"a"=>""}
  Rendering layout layouts/application.html.erb
  Rendering index/output.html.erb within layouts/application
  Rendered index/output.html.erb within layouts/application (Duration: 4.4ms | Allocations: 262)
[Webpacker] Everything's up-to-date. Nothing to do
  Rendered layout layouts/application.html.erb (Duration: 59.2ms | Allocations: 3878)
Completed 200 OK in 67ms (Views: 64.3ms | Allocations: 4979)


Started GET "/" for 127.0.0.1 at 2021-12-14 00:30:21 +0300
  [1m[35m (2.6ms)[0m  [1m[34mSELECT sqlite_version(*)[0m
Processing by IndexController#input as HTML
  Rendering layout layouts/application.html.erb
  Rendering index/input.html.erb within layouts/application
  Rendered index/input.html.erb within layouts/application (Duration: 8.7ms | Allocations: 339)
[Webpacker] Everything's up-to-date. Nothing to do
  Rendered layout layouts/application.html.erb (Duration: 125.0ms | Allocations: 5843)
Completed 200 OK in 160ms (Views: 138.7ms | ActiveRecord: 0.0ms | Allocations: 8427)


Started GET "/index/output?a=1" for 127.0.0.1 at 2021-12-14 00:30:23 +0300
Processing by IndexController#output as HTML
  Parameters: {"a"=>"1"}
Completed 500 Internal Server Error in 4ms (ActiveRecord: 0.0ms | Allocations: 2295)


  
NameError (uninitialized constant IndexController::Solve):
  
app/controllers/index_controller.rb:5:in `output'
Started GET "/" for 127.0.0.1 at 2021-12-14 00:35:39 +0300
  [1m[35m (1.7ms)[0m  [1m[34mSELECT sqlite_version(*)[0m
Processing by IndexController#input as HTML
  Rendering layout layouts/application.html.erb
  Rendering index/input.html.erb within layouts/application
  Rendered index/input.html.erb within layouts/application (Duration: 5.6ms | Allocations: 339)
[Webpacker] Everything's up-to-date. Nothing to do
  Rendered layout layouts/application.html.erb (Duration: 118.7ms | Allocations: 5843)
Completed 200 OK in 147ms (Views: 130.0ms | ActiveRecord: 0.0ms | Allocations: 8427)


Started GET "/" for 127.0.0.1 at 2021-12-14 00:35:40 +0300
Processing by IndexController#input as HTML
  Rendering layout layouts/application.html.erb
  Rendering index/input.html.erb within layouts/application
  Rendered index/input.html.erb within layouts/application (Duration: 0.7ms | Allocations: 71)
[Webpacker] Everything's up-to-date. Nothing to do
  Rendered layout layouts/application.html.erb (Duration: 62.2ms | Allocations: 3524)
Completed 200 OK in 70ms (Views: 69.0ms | ActiveRecord: 0.0ms | Allocations: 3901)


Started GET "/index/output?a=1" for 127.0.0.1 at 2021-12-14 00:35:42 +0300
Processing by IndexController#output as HTML
  Parameters: {"a"=>"1"}
Completed 500 Internal Server Error in 29ms (ActiveRecord: 0.0ms | Allocations: 3095)


  
NameError (undefined local variable or method `form_params' for #<IndexController:0x00000000007d28>
Did you mean?  formats):
  
app/controllers/index_controller.rb:5:in `output'
Started GET "/index/output?a=1" for 127.0.0.1 at 2021-12-14 00:36:03 +0300
Processing by IndexController#output as HTML
  Parameters: {"a"=>"1"}
  Rendering layout layouts/application.html.erb
  Rendering index/output.html.erb within layouts/application
  Rendered index/output.html.erb within layouts/application (Duration: 3.6ms | Allocations: 1684)
  Rendered layout layouts/application.html.erb (Duration: 5.8ms | Allocations: 1749)
Completed 500 Internal Server Error in 19ms (Allocations: 2487)


  
ActionView::Template::Error (undefined method `each_with_index' for nil:NilClass):
    29:                     </thead>
    30:                     <tbody>
    31:                     
    32:                         <% @result.each_with_index do |r, i| %>
    33:                             <tr>
    34:                                 <th scope="row"> <%= i+1 %>  </th>
    35:                                 <td> <p> <%= r[0] %> </p> </td>
  
app/views/index/output.html.erb:32
Started GET "/index/output?a=1" for 127.0.0.1 at 2021-12-14 00:36:58 +0300
Processing by IndexController#output as HTML
  Parameters: {"a"=>"1"}
  Rendering layout layouts/application.html.erb
  Rendering index/output.html.erb within layouts/application
  Rendered index/output.html.erb within layouts/application (Duration: 5.6ms | Allocations: 1684)
  Rendered layout layouts/application.html.erb (Duration: 14.2ms | Allocations: 1748)
Completed 500 Internal Server Error in 42ms (Allocations: 2915)


  
ActionView::Template::Error (undefined method `result' for nil:NilClass
Did you mean?  rescue):
    29:                     </thead>
    30:                     <tbody>
    31:                     
    32:                         <% @solve.result.each_with_index do |r, i| %>
    33:                             <tr>
    34:                                 <th scope="row"> <%= i+1 %>  </th>
    35:                                 <td> <p> <%= r[0] %> </p> </td>
  
app/views/index/output.html.erb:32
Started GET "/index/output?a=1" for 127.0.0.1 at 2021-12-14 00:37:18 +0300
Processing by IndexController#output as HTML
  Parameters: {"a"=>"1"}
  Rendering layout layouts/application.html.erb
  Rendering index/output.html.erb within layouts/application
  Rendered index/output.html.erb within layouts/application (Duration: 1.3ms | Allocations: 1496)
  Rendered layout layouts/application.html.erb (Duration: 5.9ms | Allocations: 1561)
Completed 500 Internal Server Error in 34ms (Allocations: 2141)


  
ActionView::Template::Error (undefined method `result' for nil:NilClass
Did you mean?  rescue):
    29:                     </thead>
    30:                     <tbody>
    31:                     
    32:                         <% @solve.result.each_with_index do |r, i| %>
    33:                             <tr>
    34:                                 <th scope="row"> <%= i+1 %>  </th>
    35:                                 <td> <p> <%= r[0] %> </p> </td>
  
app/views/index/output.html.erb:32
Started GET "/index/output?a=1" for 127.0.0.1 at 2021-12-14 00:37:37 +0300
  [1m[35m (1.4ms)[0m  [1m[34mSELECT sqlite_version(*)[0m
Processing by IndexController#output as HTML
  Parameters: {"a"=>"1"}
  Rendering layout layouts/application.html.erb
  Rendering index/output.html.erb within layouts/application
  Rendered index/output.html.erb within layouts/application (Duration: 6.4ms | Allocations: 2110)
  Rendered layout layouts/application.html.erb (Duration: 9.4ms | Allocations: 2179)
Completed 500 Internal Server Error in 38ms (ActiveRecord: 0.0ms | Allocations: 4799)


  
ActionView::Template::Error (undefined method `result' for nil:NilClass
Did you mean?  rescue):
    29:                     </thead>
    30:                     <tbody>
    31:                     
    32:                         <% @solve.result.each_with_index do |r, i| %>
    33:                             <tr>
    34:                                 <th scope="row"> <%= i+1 %>  </th>
    35:                                 <td> <p> <%= r[0] %> </p> </td>
  
app/views/index/output.html.erb:32
Started GET "/index/output?a=1" for 127.0.0.1 at 2021-12-14 00:37:49 +0300
Processing by IndexController#output as HTML
  Parameters: {"a"=>"1"}
  Rendering layout layouts/application.html.erb
  Rendering index/output.html.erb within layouts/application
  Rendered index/output.html.erb within layouts/application (Duration: 1.3ms | Allocations: 1503)
  Rendered layout layouts/application.html.erb (Duration: 4.0ms | Allocations: 1568)
Completed 500 Internal Server Error in 30ms (Allocations: 2241)


  
ActionView::Template::Error (undefined method `result' for nil:NilClass
Did you mean?  rescue):
    29:                     </thead>
    30:                     <tbody>
    31:                     
    32:                         <% @solve.result.each_with_index do |r, i| %>
    33:                             <tr>
    34:                                 <th scope="row"> <%= i+1 %>  </th>
    35:                                 <td> <p> <%= r[0] %> </p> </td>
  
app/views/index/output.html.erb:32
Started GET "/index/output?a=1" for 127.0.0.1 at 2021-12-14 00:38:38 +0300
Processing by IndexController#output as HTML
  Parameters: {"a"=>"1"}
  Rendering layout layouts/application.html.erb
  Rendering index/output.html.erb within layouts/application
  Rendered index/output.html.erb within layouts/application (Duration: 4.5ms | Allocations: 1475)
  Rendered layout layouts/application.html.erb (Duration: 8.2ms | Allocations: 1540)
Completed 500 Internal Server Error in 46ms (Allocations: 2145)


  
ActionView::Template::Error (undefined method `result' for nil:NilClass
Did you mean?  rescue):
    29:                     </thead>
    30:                     <tbody>
    31:                     
    32:                         <% @solve.result.each_with_index do |r, i| %>
    33:                             <tr>
    34:                                 <th scope="row"> <%= i+1 %>  </th>
    35:                                 <td> <p> <%= r[0] %> </p> </td>
  
app/views/index/output.html.erb:32
Started GET "/index/output?a=1" for 127.0.0.1 at 2021-12-14 00:39:01 +0300
Processing by IndexController#output as HTML
  Parameters: {"a"=>"1"}
  Rendering layout layouts/application.html.erb
  Rendering index/output.html.erb within layouts/application
  Rendered index/output.html.erb within layouts/application (Duration: 2.0ms | Allocations: 2115)
  Rendered layout layouts/application.html.erb (Duration: 6.0ms | Allocations: 2179)
Completed 500 Internal Server Error in 33ms (Allocations: 2782)


  
ActionView::Template::Error (undefined method `result' for [[1, 1]]:Array
Did you mean?  rescue):
    29:                     </thead>
    30:                     <tbody>
    31:                     
    32:                         <% @solve.result.each_with_index do |r, i| %>
    33:                             <tr>
    34:                                 <th scope="row"> <%= i+1 %>  </th>
    35:                                 <td> <p> <%= r[0] %> </p> </td>
  
app/views/index/output.html.erb:32
Started GET "/index/output?a=1" for 127.0.0.1 at 2021-12-14 00:39:38 +0300
Processing by IndexController#output as HTML
  Parameters: {"a"=>"1"}
  Rendering layout layouts/application.html.erb
  Rendering index/output.html.erb within layouts/application
  Rendered index/output.html.erb within layouts/application (Duration: 2.5ms | Allocations: 2095)
  Rendered layout layouts/application.html.erb (Duration: 7.6ms | Allocations: 2160)
Completed 500 Internal Server Error in 18ms (Allocations: 2722)


  
ActionView::Template::Error (undefined method `result' for [[1, 1]]:Array
Did you mean?  rescue):
    29:                     </thead>
    30:                     <tbody>
    31:                     
    32:                         <% @solve.result.each_with_index do |r, i| %>
    33:                             <tr>
    34:                                 <th scope="row"> <%= i+1 %>  </th>
    35:                                 <td> <p> <%= r[0] %> </p> </td>
  
app/views/index/output.html.erb:32
Started GET "/" for 127.0.0.1 at 2021-12-14 00:40:03 +0300
Processing by IndexController#input as HTML
  Rendering layout layouts/application.html.erb
  Rendering index/input.html.erb within layouts/application
  Rendered index/input.html.erb within layouts/application (Duration: 3.1ms | Allocations: 223)
[Webpacker] Everything's up-to-date. Nothing to do
  Rendered layout layouts/application.html.erb (Duration: 106.9ms | Allocations: 5730)
Completed 200 OK in 112ms (Views: 111.2ms | Allocations: 6835)


Started GET "/" for 127.0.0.1 at 2021-12-14 00:40:04 +0300
Processing by IndexController#input as HTML
  Rendering layout layouts/application.html.erb
  Rendering index/input.html.erb within layouts/application
  Rendered index/input.html.erb within layouts/application (Duration: 0.3ms | Allocations: 71)
[Webpacker] Everything's up-to-date. Nothing to do
  Rendered layout layouts/application.html.erb (Duration: 223.5ms | Allocations: 3524)
Completed 200 OK in 231ms (Views: 230.0ms | Allocations: 3901)


Started GET "/index/output?a=1" for 127.0.0.1 at 2021-12-14 00:40:05 +0300
Processing by IndexController#output as HTML
  Parameters: {"a"=>"1"}
  Rendering layout layouts/application.html.erb
  Rendering index/output.html.erb within layouts/application
  Rendered index/output.html.erb within layouts/application (Duration: 3.9ms | Allocations: 254)
[Webpacker] Everything's up-to-date. Nothing to do
  Rendered layout layouts/application.html.erb (Duration: 59.0ms | Allocations: 3718)
Completed 200 OK in 70ms (Views: 63.8ms | Allocations: 4304)


Started GET "/index/output?a=1" for 127.0.0.1 at 2021-12-14 00:40:35 +0300
Processing by IndexController#output as HTML
  Parameters: {"a"=>"1"}
  Rendering layout layouts/application.html.erb
  Rendering index/output.html.erb within layouts/application
  Rendered index/output.html.erb within layouts/application (Duration: 1.9ms | Allocations: 1442)
  Rendered layout layouts/application.html.erb (Duration: 5.0ms | Allocations: 1506)
Completed 500 Internal Server Error in 30ms (Allocations: 2091)


  
ActionView::Template::Error (undefined method `each_with_index' for nil:NilClass):
    29:                     </thead>
    30:                     <tbody>
    31:                     
    32:                         <% @result.each_with_index do |r, i| %>
    33:                             <tr>
    34:                                 <th scope="row"> <%= i+1 %>  </th>
    35:                                 <td> <p> <%= r[0] %> </p> </td>
  
app/views/index/output.html.erb:32
Started GET "/index/output?a=1" for 127.0.0.1 at 2021-12-14 00:40:40 +0300
Processing by IndexController#output as HTML
  Parameters: {"a"=>"1"}
  Rendering layout layouts/application.html.erb
  Rendering index/output.html.erb within layouts/application
  Rendered index/output.html.erb within layouts/application (Duration: 2.4ms | Allocations: 1462)
  Rendered layout layouts/application.html.erb (Duration: 6.3ms | Allocations: 1526)
Completed 500 Internal Server Error in 14ms (Allocations: 1897)


  
ActionView::Template::Error (undefined method `each_with_index' for nil:NilClass):
    29:                     </thead>
    30:                     <tbody>
    31:                     
    32:                         <% @result.each_with_index do |r, i| %>
    33:                             <tr>
    34:                                 <th scope="row"> <%= i+1 %>  </th>
    35:                                 <td> <p> <%= r[0] %> </p> </td>
  
app/views/index/output.html.erb:32
Started GET "/index/output?a=1" for 127.0.0.1 at 2021-12-14 00:41:06 +0300
Processing by IndexController#output as HTML
  Parameters: {"a"=>"1"}
  Rendering layout layouts/application.html.erb
  Rendering index/output.html.erb within layouts/application
  Rendered index/output.html.erb within layouts/application (Duration: 3.2ms | Allocations: 2205)
  Rendered layout layouts/application.html.erb (Duration: 8.9ms | Allocations: 2269)
Completed 500 Internal Server Error in 44ms (Allocations: 2856)


  
ActionView::Template::Error (undefined method `each_with_index' for "1":String
Did you mean?  each_line):
    29:                     </thead>
    30:                     <tbody>
    31:                     
    32:                         <% @result.each_with_index do |r, i| %>
    33:                             <tr>
    34:                                 <th scope="row"> <%= i+1 %>  </th>
    35:                                 <td> <p> <%= r[0] %> </p> </td>
  
app/views/index/output.html.erb:32
Started GET "/index/output?a=1" for 127.0.0.1 at 2021-12-14 00:45:15 +0300
Processing by IndexController#output as HTML
  Parameters: {"a"=>"1"}
  Rendering layout layouts/application.html.erb
  Rendering index/output.html.erb within layouts/application
  Rendered index/output.html.erb within layouts/application (Duration: 0.4ms | Allocations: 38)
[Webpacker] Everything's up-to-date. Nothing to do
  Rendered layout layouts/application.html.erb (Duration: 63.7ms | Allocations: 3483)
Completed 200 OK in 90ms (Views: 67.4ms | Allocations: 4193)


Started GET "/index/output?a=1+2+e+6+6+6+7+6" for 127.0.0.1 at 2021-12-14 00:45:37 +0300
  [1m[35m (1.3ms)[0m  [1m[34mSELECT sqlite_version(*)[0m
Processing by IndexController#output as HTML
  Parameters: {"a"=>"1 2 e 6 6 6 7 6"}
  Rendering layout layouts/application.html.erb
  Rendering index/output.html.erb within layouts/application
  Rendered index/output.html.erb within layouts/application (Duration: 3.9ms | Allocations: 445)
[Webpacker] Everything's up-to-date. Nothing to do
  Rendered layout layouts/application.html.erb (Duration: 113.0ms | Allocations: 5951)
Completed 200 OK in 137ms (Views: 120.2ms | ActiveRecord: 0.0ms | Allocations: 8737)


Started GET "/" for 127.0.0.1 at 2021-12-14 00:47:09 +0300
  [1m[35m (1.4ms)[0m  [1m[34mSELECT sqlite_version(*)[0m
Processing by IndexController#input as HTML
  Rendering layout layouts/application.html.erb
  Rendering index/input.html.erb within layouts/application
  Rendered index/input.html.erb within layouts/application (Duration: 4.0ms | Allocations: 338)
[Webpacker] Everything's up-to-date. Nothing to do
  Rendered layout layouts/application.html.erb (Duration: 116.0ms | Allocations: 5843)
Completed 200 OK in 136ms (Views: 125.0ms | ActiveRecord: 0.0ms | Allocations: 8427)


Started GET "/index/output?a=1" for 127.0.0.1 at 2021-12-14 00:47:12 +0300
Processing by IndexController#output as HTML
  Parameters: {"a"=>"1"}
  Rendering layout layouts/application.html.erb
  Rendering index/output.html.erb within layouts/application
  Rendered index/output.html.erb within layouts/application (Duration: 3.3ms | Allocations: 252)
[Webpacker] Everything's up-to-date. Nothing to do
  Rendered layout layouts/application.html.erb (Duration: 50.8ms | Allocations: 3710)
Completed 200 OK in 64ms (Views: 55.5ms | ActiveRecord: 0.0ms | Allocations: 4345)


Started GET "/index/output?a=1" for 127.0.0.1 at 2021-12-14 00:48:06 +0300
Processing by IndexController#output as HTML
  Parameters: {"a"=>"1"}
  Rendering layout layouts/application.html.erb
  Rendering index/output.html.erb within layouts/application
  Rendered index/output.html.erb within layouts/application (Duration: 0.1ms | Allocations: 38)
[Webpacker] Everything's up-to-date. Nothing to do
  Rendered layout layouts/application.html.erb (Duration: 51.4ms | Allocations: 3659)
Completed 200 OK in 61ms (Views: 56.4ms | Allocations: 4275)


Started GET "/index/output?a=1" for 127.0.0.1 at 2021-12-14 00:49:40 +0300
Processing by IndexController#output as HTML
  Parameters: {"a"=>"1"}
  Rendering layout layouts/application.html.erb
  Rendering index/output.html.erb within layouts/application
  Rendered index/output.html.erb within layouts/application (Duration: 3.8ms | Allocations: 309)
[Webpacker] Everything's up-to-date. Nothing to do
  Rendered layout layouts/application.html.erb (Duration: 63.3ms | Allocations: 3927)
Completed 200 OK in 77ms (Views: 67.9ms | Allocations: 5142)


Started GET "/" for 127.0.0.1 at 2021-12-14 00:49:43 +0300
Processing by IndexController#input as HTML
  Rendering layout layouts/application.html.erb
  Rendering index/input.html.erb within layouts/application
  Rendered index/input.html.erb within layouts/application (Duration: 2.8ms | Allocations: 205)
[Webpacker] Everything's up-to-date. Nothing to do
  Rendered layout layouts/application.html.erb (Duration: 57.6ms | Allocations: 3663)
Completed 200 OK in 64ms (Views: 62.0ms | Allocations: 4170)


Started GET "/" for 127.0.0.1 at 2021-12-14 00:49:43 +0300
Processing by IndexController#input as HTML
  Rendering layout layouts/application.html.erb
  Rendering index/input.html.erb within layouts/application
  Rendered index/input.html.erb within layouts/application (Duration: 0.3ms | Allocations: 67)
[Webpacker] Everything's up-to-date. Nothing to do
  Rendered layout layouts/application.html.erb (Duration: 48.0ms | Allocations: 3520)
Completed 200 OK in 54ms (Views: 53.0ms | Allocations: 3897)


Started GET "/" for 127.0.0.1 at 2021-12-14 00:51:51 +0300
Processing by IndexController#input as HTML
  Rendering layout layouts/application.html.erb
  Rendering index/input.html.erb within layouts/application
  Rendered index/input.html.erb within layouts/application (Duration: 0.2ms | Allocations: 73)
[Webpacker] Everything's up-to-date. Nothing to do
  Rendered layout layouts/application.html.erb (Duration: 64.1ms | Allocations: 3518)
Completed 200 OK in 70ms (Views: 69.0ms | Allocations: 4016)


Started GET "/index/output?a=1+2+3+4+5+6+6+6+6" for 127.0.0.1 at 2021-12-14 00:51:56 +0300
Processing by IndexController#output as HTML
  Parameters: {"a"=>"1 2 3 4 5 6 6 6 6"}
Completed 500 Internal Server Error in 11ms (Allocations: 1235)


  
SyntaxError (/app/LR8/ruby_lab/lr8_new/lib/solve.rb:25: else without rescue is useless
... )] if perfect(@array[p2]) else break
...                           ^~~~
):
  
lib/solve.rb:25: else without rescue is useless
lib/solve.rb:25: else without rescue is useless
lib/solve.rb:25: else without rescue is useless
app/controllers/index_controller.rb:5:in `output'
Started GET "/index/output?a=1+2+3+4+5+6+6+6+6" for 127.0.0.1 at 2021-12-14 00:52:10 +0300
Processing by IndexController#output as HTML
  Parameters: {"a"=>"1 2 3 4 5 6 6 6 6"}
  Rendering layout layouts/application.html.erb
  Rendering index/output.html.erb within layouts/application
  Rendered index/output.html.erb within layouts/application (Duration: 0.1ms | Allocations: 154)
[Webpacker] Everything's up-to-date. Nothing to do
  Rendered layout layouts/application.html.erb (Duration: 47.7ms | Allocations: 3750)
Completed 200 OK in 72ms (Views: 51.0ms | Allocations: 4649)


Started GET "/" for 127.0.0.1 at 2021-12-14 00:52:39 +0300
Processing by IndexController#input as HTML
  Rendering layout layouts/application.html.erb
  Rendering index/input.html.erb within layouts/application
  Rendered index/input.html.erb within layouts/application (Duration: 0.2ms | Allocations: 81)
[Webpacker] Everything's up-to-date. Nothing to do
  Rendered layout layouts/application.html.erb (Duration: 56.5ms | Allocations: 3535)
Completed 200 OK in 61ms (Views: 60.0ms | Allocations: 3911)


Started GET "/" for 127.0.0.1 at 2021-12-14 01:08:39 +0300
  [1m[35m (2.8ms)[0m  [1m[34mSELECT sqlite_version(*)[0m
Processing by IndexController#input as HTML
  Rendering layout layouts/application.html.erb
  Rendering index/input.html.erb within layouts/application
  Rendered index/input.html.erb within layouts/application (Duration: 6.1ms | Allocations: 338)
[Webpacker] Everything's up-to-date. Nothing to do
  Rendered layout layouts/application.html.erb (Duration: 131.1ms | Allocations: 5833)
Completed 200 OK in 158ms (Views: 140.5ms | ActiveRecord: 0.0ms | Allocations: 8418)


Started GET "/index/output?a=1+2+3+4+5+6+6+6+6" for 127.0.0.1 at 2021-12-14 01:08:47 +0300
Processing by IndexController#output as HTML
  Parameters: {"a"=>"1 2 3 4 5 6 6 6 6"}
  Rendering layout layouts/application.html.erb
  Rendering index/output.html.erb within layouts/application
  Rendered index/output.html.erb within layouts/application (Duration: 3.2ms | Allocations: 422)
[Webpacker] Everything's up-to-date. Nothing to do
  Rendered layout layouts/application.html.erb (Duration: 56.4ms | Allocations: 3871)
Completed 200 OK in 90ms (Views: 59.8ms | ActiveRecord: 0.0ms | Allocations: 4702)


Started GET "/index/output?a=1+2+3+4+5+6+6+6+6" for 127.0.0.1 at 2021-12-14 01:18:32 +0300
Processing by IndexController#output as HTML
  Parameters: {"a"=>"1 2 3 4 5 6 6 6 6"}
  Rendering layout layouts/application.html.erb
  Rendering index/output.html.erb within layouts/application
  Rendered index/output.html.erb within layouts/application (Duration: 0.2ms | Allocations: 153)
[Webpacker] Everything's up-to-date. Nothing to do
  Rendered layout layouts/application.html.erb (Duration: 49.6ms | Allocations: 3581)
Completed 200 OK in 64ms (Views: 53.3ms | Allocations: 4331)


Started GET "/index/output?a=1+2+3+4+5+6+6+6+6" for 127.0.0.1 at 2021-12-14 01:22:01 +0300
Processing by IndexController#output as HTML
  Parameters: {"a"=>"1 2 3 4 5 6 6 6 6"}
  Rendering layout layouts/application.html.erb
  Rendering index/output.html.erb within layouts/application
  Rendered index/output.html.erb within layouts/application (Duration: 0.2ms | Allocations: 153)
[Webpacker] Everything's up-to-date. Nothing to do
  Rendered layout layouts/application.html.erb (Duration: 60.7ms | Allocations: 3591)
Completed 200 OK in 69ms (Views: 64.4ms | Allocations: 4327)


Started GET "/index/output?a=1+2+3+4+5+6+6+6+6" for 127.0.0.1 at 2021-12-14 01:23:28 +0300
Processing by IndexController#output as HTML
  Parameters: {"a"=>"1 2 3 4 5 6 6 6 6"}
  Rendering layout layouts/application.html.erb
  Rendering index/output.html.erb within layouts/application
  Rendered index/output.html.erb within layouts/application (Duration: 0.2ms | Allocations: 153)
[Webpacker] Everything's up-to-date. Nothing to do
  Rendered layout layouts/application.html.erb (Duration: 54.2ms | Allocations: 3581)
Completed 200 OK in 64ms (Views: 58.6ms | Allocations: 4326)


Started GET "/index/output?a=1+2+3+4+5+6+6+6+6" for 127.0.0.1 at 2021-12-14 01:24:04 +0300
Processing by IndexController#output as HTML
  Parameters: {"a"=>"1 2 3 4 5 6 6 6 6"}
  Rendering layout layouts/application.html.erb
  Rendering index/output.html.erb within layouts/application
  Rendered index/output.html.erb within layouts/application (Duration: 4.1ms | Allocations: 421)
[Webpacker] Everything's up-to-date. Nothing to do
  Rendered layout layouts/application.html.erb (Duration: 60.7ms | Allocations: 4028)
Completed 200 OK in 72ms (Views: 65.9ms | Allocations: 5373)


Started GET "/index/output?a=1+2+3+4+5+6+6+6+6" for 127.0.0.1 at 2021-12-14 01:24:14 +0300
Processing by IndexController#output as HTML
  Parameters: {"a"=>"1 2 3 4 5 6 6 6 6"}
  Rendering layout layouts/application.html.erb
  Rendering index/output.html.erb within layouts/application
  Rendered index/output.html.erb within layouts/application (Duration: 3.6ms | Allocations: 440)
[Webpacker] Everything's up-to-date. Nothing to do
  Rendered layout layouts/application.html.erb (Duration: 48.4ms | Allocations: 4068)
Completed 200 OK in 54ms (Views: 52.5ms | Allocations: 5317)


Started GET "/index/output?a=1+2+3+4+5+6+6+6+6" for 127.0.0.1 at 2021-12-14 01:24:34 +0300
Processing by IndexController#output as HTML
  Parameters: {"a"=>"1 2 3 4 5 6 6 6 6"}
  Rendering layout layouts/application.html.erb
  Rendering index/output.html.erb within layouts/application
  Rendered index/output.html.erb within layouts/application (Duration: 4.6ms | Allocations: 452)
[Webpacker] Everything's up-to-date. Nothing to do
  Rendered layout layouts/application.html.erb (Duration: 55.1ms | Allocations: 4070)
Completed 200 OK in 62ms (Views: 61.0ms | Allocations: 5323)


Started GET "/" for 127.0.0.1 at 2021-12-14 01:24:41 +0300
Processing by IndexController#input as HTML
  Rendering layout layouts/application.html.erb
  Rendering index/input.html.erb within layouts/application
  Rendered index/input.html.erb within layouts/application (Duration: 2.9ms | Allocations: 204)
[Webpacker] Everything's up-to-date. Nothing to do
  Rendered layout layouts/application.html.erb (Duration: 57.1ms | Allocations: 3651)
Completed 200 OK in 68ms (Views: 66.9ms | Allocations: 4153)


Started GET "/" for 127.0.0.1 at 2021-12-14 01:24:41 +0300
Processing by IndexController#input as HTML
  Rendering layout layouts/application.html.erb
  Rendering index/input.html.erb within layouts/application
  Rendered index/input.html.erb within layouts/application (Duration: 0.2ms | Allocations: 66)
[Webpacker] Everything's up-to-date. Nothing to do
  Rendered layout layouts/application.html.erb (Duration: 49.4ms | Allocations: 3510)
Completed 200 OK in 53ms (Views: 53.1ms | Allocations: 3887)


Started GET "/index/output?a=" for 127.0.0.1 at 2021-12-14 01:24:43 +0300
Processing by IndexController#output as HTML
  Parameters: {"a"=>""}
Completed 500 Internal Server Error in 2ms (Allocations: 1066)


  
NoMethodError (undefined method `[]' for nil:NilClass):
  
app/controllers/index_controller.rb:7:in `output'
Started GET "/index/output?a=" for 127.0.0.1 at 2021-12-14 01:25:31 +0300
Processing by IndexController#output as HTML
  Parameters: {"a"=>""}
  Rendering layout layouts/application.html.erb
  Rendering index/output.html.erb within layouts/application
  Rendered index/output.html.erb within layouts/application (Duration: 0.1ms | Allocations: 35)
[Webpacker] Everything's up-to-date. Nothing to do
  Rendered layout layouts/application.html.erb (Duration: 48.6ms | Allocations: 3600)
Completed 200 OK in 59ms (Views: 53.5ms | Allocations: 4298)


Started GET "/index/output?a=" for 127.0.0.1 at 2021-12-14 01:25:37 +0300
Processing by IndexController#output as HTML
  Parameters: {"a"=>""}
  Rendering layout layouts/application.html.erb
  Rendering index/output.html.erb within layouts/application
  Rendered index/output.html.erb within layouts/application (Duration: 0.2ms | Allocations: 35)
[Webpacker] Everything's up-to-date. Nothing to do
  Rendered layout layouts/application.html.erb (Duration: 52.0ms | Allocations: 3482)
Completed 200 OK in 65ms (Views: 56.6ms | Allocations: 4079)


Started GET "/index/output?a=1+2+3" for 127.0.0.1 at 2021-12-14 01:25:43 +0300
Processing by IndexController#output as HTML
  Parameters: {"a"=>"1 2 3"}
  Rendering layout layouts/application.html.erb
  Rendering index/output.html.erb within layouts/application
  Rendered index/output.html.erb within layouts/application (Duration: 0.1ms | Allocations: 35)
[Webpacker] Everything's up-to-date. Nothing to do
  Rendered layout layouts/application.html.erb (Duration: 49.1ms | Allocations: 3479)
Completed 200 OK in 53ms (Views: 52.5ms | Allocations: 3896)


Started GET "/index/output?a=1+2+3+6+3+3+6+6" for 127.0.0.1 at 2021-12-14 01:25:51 +0300
Processing by IndexController#output as HTML
  Parameters: {"a"=>"1 2 3 6 3 3 6 6"}
  Rendering layout layouts/application.html.erb
  Rendering index/output.html.erb within layouts/application
  Rendered index/output.html.erb within layouts/application (Duration: 0.2ms | Allocations: 89)
[Webpacker] Everything's up-to-date. Nothing to do
  Rendered layout layouts/application.html.erb (Duration: 47.7ms | Allocations: 3543)
Completed 200 OK in 52ms (Views: 51.4ms | Allocations: 4027)


  [1m[35m (1.2ms)[0m  [1m[34mSELECT sqlite_version(*)[0m
  [1m[35m (19.7ms)[0m  [1m[35mCREATE TABLE "schema_migrations" ("version" varchar NOT NULL PRIMARY KEY)[0m
  [1m[35m (29.5ms)[0m  [1m[35mCREATE TABLE "ar_internal_metadata" ("key" varchar NOT NULL PRIMARY KEY, "value" varchar, "created_at" datetime(6) NOT NULL, "updated_at" datetime(6) NOT NULL)[0m
  [1m[36mActiveRecord::InternalMetadata Load (2.2ms)[0m  [1m[34mSELECT "ar_internal_metadata".* FROM "ar_internal_metadata" WHERE "ar_internal_metadata"."key" = ? LIMIT ?[0m  [["key", "environment"], ["LIMIT", 1]]
  [1m[36mTRANSACTION (0.0ms)[0m  [1m[36mbegin transaction[0m
  [1m[36mActiveRecord::InternalMetadata Create (22.6ms)[0m  [1m[32mINSERT INTO "ar_internal_metadata" ("key", "value", "created_at", "updated_at") VALUES (?, ?, ?, ?)[0m  [["key", "environment"], ["value", "development"], ["created_at", "2021-12-13 22:30:21.160738"], ["updated_at", "2021-12-13 22:30:21.160738"]]
  [1m[36mTRANSACTION (23.0ms)[0m  [1m[36mcommit transaction[0m
  [1m[35m (0.0ms)[0m  [1m[34mSELECT sqlite_version(*)[0m
  [1m[35m (2.6ms)[0m  [1m[34mSELECT "schema_migrations"."version" FROM "schema_migrations" ORDER BY "schema_migrations"."version" ASC[0m
Started GET "/" for 127.0.0.1 at 2021-12-14 01:32:01 +0300
  [1m[35m (1.2ms)[0m  [1m[34mSELECT sqlite_version(*)[0m
  [1m[35m (2.0ms)[0m  [1m[34mSELECT "schema_migrations"."version" FROM "schema_migrations" ORDER BY "schema_migrations"."version" ASC[0m
Processing by IndexController#input as HTML
  Rendering layout layouts/application.html.erb
  Rendering index/input.html.erb within layouts/application
  Rendered index/input.html.erb within layouts/application (Duration: 3.7ms | Allocations: 337)
[Webpacker] Everything's up-to-date. Nothing to do
  Rendered layout layouts/application.html.erb (Duration: 122.8ms | Allocations: 5839)
Completed 200 OK in 145ms (Views: 132.6ms | ActiveRecord: 0.0ms | Allocations: 8424)


Started GET "/" for 127.0.0.1 at 2021-12-14 01:32:03 +0300
Processing by IndexController#input as HTML
  Rendering layout layouts/application.html.erb
  Rendering index/input.html.erb within layouts/application
  Rendered index/input.html.erb within layouts/application (Duration: 0.2ms | Allocations: 70)
[Webpacker] Everything's up-to-date. Nothing to do
  Rendered layout layouts/application.html.erb (Duration: 51.2ms | Allocations: 3516)
Completed 200 OK in 56ms (Views: 55.6ms | ActiveRecord: 0.0ms | Allocations: 3895)


Started GET "/index/input" for 127.0.0.1 at 2021-12-14 01:32:04 +0300
  
ActionController::RoutingError (No route matches [GET] "/index/input"):
  
Started GET "/index/output?a=" for 127.0.0.1 at 2021-12-14 01:32:09 +0300
Processing by IndexController#output as HTML
  Parameters: {"a"=>""}
  Rendering layout layouts/application.html.erb
  Rendering index/output.html.erb within layouts/application
  Rendered index/output.html.erb within layouts/application (Duration: 2.9ms | Allocations: 334)
[Webpacker] Everything's up-to-date. Nothing to do
  Rendered layout layouts/application.html.erb (Duration: 53.9ms | Allocations: 3925)
Completed 200 OK in 65ms (Views: 57.7ms | ActiveRecord: 0.0ms | Allocations: 4621)


Started GET "/index/output" for 127.0.0.1 at 2021-12-14 01:32:09 +0300
Processing by IndexController#output as HTML
Completed 500 Internal Server Error in 1ms (ActiveRecord: 0.0ms | Allocations: 1090)


  
NoMethodError (undefined method `+' for nil:NilClass):
  
lib/solve.rb:11:in `initialize'
lib/solve.rb:4:in `new'
lib/solve.rb:4:in `call'
app/controllers/index_controller.rb:5:in `output'
Started GET "/index/output" for 127.0.0.1 at 2021-12-14 01:32:55 +0300
Processing by IndexController#output as HTML
Completed 500 Internal Server Error in 26ms (Allocations: 1235)


  
NoMethodError (undefined method `length' for nil:NilClass):
  
lib/solve.rb:22:in `execute'
lib/solve.rb:4:in `call'
app/controllers/index_controller.rb:5:in `output'
Started GET "/index/output" for 127.0.0.1 at 2021-12-14 01:33:29 +0300
Processing by IndexController#output as HTML
  Rendering layout layouts/application.html.erb
  Rendering index/output.html.erb within layouts/application
  Rendered index/output.html.erb within layouts/application (Duration: 0.1ms | Allocations: 35)
[Webpacker] Everything's up-to-date. Nothing to do
  Rendered layout layouts/application.html.erb (Duration: 51.2ms | Allocations: 3471)
Completed 200 OK in 77ms (Views: 55.5ms | Allocations: 4167)


Started GET "/" for 127.0.0.1 at 2021-12-14 01:33:33 +0300
Processing by IndexController#input as HTML
  Rendering layout layouts/application.html.erb
  Rendering index/input.html.erb within layouts/application
  Rendered index/input.html.erb within layouts/application (Duration: 0.6ms | Allocations: 80)
[Webpacker] Everything's up-to-date. Nothing to do
  Rendered layout layouts/application.html.erb (Duration: 67.9ms | Allocations: 3525)
Completed 200 OK in 75ms (Views: 74.1ms | Allocations: 3900)


Started GET "/" for 127.0.0.1 at 2021-12-14 01:33:33 +0300
Processing by IndexController#input as HTML
  Rendering layout layouts/application.html.erb
  Rendering index/input.html.erb within layouts/application
  Rendered index/input.html.erb within layouts/application (Duration: 0.2ms | Allocations: 66)
[Webpacker] Everything's up-to-date. Nothing to do
  Rendered layout layouts/application.html.erb (Duration: 51.7ms | Allocations: 3510)
Completed 200 OK in 56ms (Views: 56.1ms | Allocations: 3886)


Started GET "/index/output" for 127.0.0.1 at 2021-12-14 01:33:34 +0300
Processing by IndexController#output as HTML
  Rendering layout layouts/application.html.erb
  Rendering index/output.html.erb within layouts/application
  Rendered index/output.html.erb within layouts/application (Duration: 0.1ms | Allocations: 35)
[Webpacker] Everything's up-to-date. Nothing to do
  Rendered layout layouts/application.html.erb (Duration: 58.2ms | Allocations: 3479)
Completed 200 OK in 64ms (Views: 63.2ms | Allocations: 3871)


Started GET "/index/output?a=" for 127.0.0.1 at 2021-12-14 01:33:38 +0300
Processing by IndexController#output as HTML
  Parameters: {"a"=>""}
  Rendering layout layouts/application.html.erb
  Rendering index/output.html.erb within layouts/application
  Rendered index/output.html.erb within layouts/application (Duration: 0.1ms | Allocations: 35)
[Webpacker] Everything's up-to-date. Nothing to do
  Rendered layout layouts/application.html.erb (Duration: 56.4ms | Allocations: 3480)
Completed 200 OK in 61ms (Views: 60.4ms | Allocations: 3869)


Started GET "/index/output?a=" for 127.0.0.1 at 2021-12-14 01:38:20 +0300
Processing by IndexController#output as HTML
  Parameters: {"a"=>""}
  Rendering layout layouts/application.html.erb
  Rendering index/output.html.erb within layouts/application
  Rendered index/output.html.erb within layouts/application (Duration: 0.2ms | Allocations: 35)
[Webpacker] Everything's up-to-date. Nothing to do
  Rendered layout layouts/application.html.erb (Duration: 55.7ms | Allocations: 3480)
Completed 200 OK in 62ms (Views: 59.9ms | Allocations: 3869)


Started GET "/" for 127.0.0.1 at 2021-12-14 01:39:09 +0300
Processing by IndexController#input as HTML
  Rendering layout layouts/application.html.erb
  Rendering index/input.html.erb within layouts/application
  Rendered index/input.html.erb within layouts/application (Duration: 4.6ms | Allocations: 208)
[Webpacker] Everything's up-to-date. Nothing to do
  Rendered layout layouts/application.html.erb (Duration: 60.4ms | Allocations: 3826)
Completed 200 OK in 73ms (Views: 68.4ms | Allocations: 4914)


Started GET "/index/output?a=1+2+3+6+6+6" for 127.0.0.1 at 2021-12-14 01:39:16 +0300
Processing by IndexController#output as HTML
  Parameters: {"a"=>"1 2 3 6 6 6"}
  Rendering layout layouts/application.html.erb
  Rendering index/output.html.erb within layouts/application
  Rendered index/output.html.erb within layouts/application (Duration: 2.0ms | Allocations: 404)
[Webpacker] Everything's up-to-date. Nothing to do
  Rendered layout layouts/application.html.erb (Duration: 54.3ms | Allocations: 3861)
Completed 200 OK in 59ms (Views: 57.5ms | Allocations: 4472)


Started GET "/" for 127.0.0.1 at 2021-12-14 01:39:18 +0300
Processing by IndexController#input as HTML
  Rendering layout layouts/application.html.erb
  Rendering index/input.html.erb within layouts/application
  Rendered index/input.html.erb within layouts/application (Duration: 0.2ms | Allocations: 70)
[Webpacker] Everything's up-to-date. Nothing to do
  Rendered layout layouts/application.html.erb (Duration: 60.8ms | Allocations: 3518)
Completed 200 OK in 67ms (Views: 66.2ms | Allocations: 3895)


Started GET "/index/output?a=asdfs+asdfs+df+asdf" for 127.0.0.1 at 2021-12-14 01:39:22 +0300
Processing by IndexController#output as HTML
  Parameters: {"a"=>"asdfs asdfs df asdf"}
  Rendering layout layouts/application.html.erb
  Rendering index/output.html.erb within layouts/application
  Rendered index/output.html.erb within layouts/application (Duration: 0.1ms | Allocations: 35)
[Webpacker] Everything's up-to-date. Nothing to do
  Rendered layout layouts/application.html.erb (Duration: 49.2ms | Allocations: 3485)
Completed 200 OK in 55ms (Views: 54.5ms | Allocations: 3886)


Started GET "/index/output?a=1+2+3+6+6+6+asdf+r+a+sdr+3q+a" for 127.0.0.1 at 2021-12-14 01:39:33 +0300
Processing by IndexController#output as HTML
  Parameters: {"a"=>"1 2 3 6 6 6 asdf r a sdr 3q a"}
  Rendering layout layouts/application.html.erb
  Rendering index/output.html.erb within layouts/application
  Rendered index/output.html.erb within layouts/application (Duration: 0.2ms | Allocations: 115)
[Webpacker] Everything's up-to-date. Nothing to do
  Rendered layout layouts/application.html.erb (Duration: 54.9ms | Allocations: 3559)
Completed 200 OK in 61ms (Views: 59.6ms | Allocations: 4052)


Started GET "/index/output?a=-1+-2+-3" for 127.0.0.1 at 2021-12-14 01:39:45 +0300
Processing by IndexController#output as HTML
  Parameters: {"a"=>"-1 -2 -3"}
  Rendering layout layouts/application.html.erb
  Rendering index/output.html.erb within layouts/application
  Rendered index/output.html.erb within layouts/application (Duration: 0.1ms | Allocations: 35)
[Webpacker] Everything's up-to-date. Nothing to do
  Rendered layout layouts/application.html.erb (Duration: 49.5ms | Allocations: 3479)
Completed 200 OK in 55ms (Views: 53.6ms | Allocations: 3893)


Started GET "/index/output?a=-1+-2+-3+6" for 127.0.0.1 at 2021-12-14 01:40:00 +0300
Processing by IndexController#output as HTML
  Parameters: {"a"=>"-1 -2 -3 6"}
  Rendering layout layouts/application.html.erb
  Rendering index/output.html.erb within layouts/application
  Rendered index/output.html.erb within layouts/application (Duration: 0.2ms | Allocations: 55)
[Webpacker] Everything's up-to-date. Nothing to do
  Rendered layout layouts/application.html.erb (Duration: 48.8ms | Allocations: 3499)
Completed 200 OK in 54ms (Views: 53.0ms | Allocations: 3931)


Started GET "/index/output?a=-1+-2+-3+-6+-6+" for 127.0.0.1 at 2021-12-14 01:40:05 +0300
Processing by IndexController#output as HTML
  Parameters: {"a"=>"-1 -2 -3 -6 -6 "}
  Rendering layout layouts/application.html.erb
  Rendering index/output.html.erb within layouts/application
  Rendered index/output.html.erb within layouts/application (Duration: 0.1ms | Allocations: 79)
[Webpacker] Everything's up-to-date. Nothing to do
  Rendered layout layouts/application.html.erb (Duration: 62.2ms | Allocations: 3523)
Completed 200 OK in 67ms (Views: 66.0ms | Allocations: 3973)


Started GET "/" for 127.0.0.1 at 2021-12-14 01:40:53 +0300
Processing by IndexController#input as HTML
  Rendering layout layouts/application.html.erb
  Rendering index/input.html.erb within layouts/application
  Rendered index/input.html.erb within layouts/application (Duration: 0.3ms | Allocations: 72)
[Webpacker] Everything's up-to-date. Nothing to do
  Rendered layout layouts/application.html.erb (Duration: 49.9ms | Allocations: 3498)
Completed 200 OK in 54ms (Views: 52.7ms | Allocations: 3991)


Started GET "/index/output?a=-1+-2+-3+-6+-6+" for 127.0.0.1 at 2021-12-14 01:40:59 +0300
Processing by IndexController#output as HTML
  Parameters: {"a"=>"-1 -2 -3 -6 -6 "}
  Rendering layout layouts/application.html.erb
  Rendering index/output.html.erb within layouts/application
  Rendered index/output.html.erb within layouts/application (Duration: 0.1ms | Allocations: 35)
[Webpacker] Everything's up-to-date. Nothing to do
  Rendered layout layouts/application.html.erb (Duration: 48.9ms | Allocations: 3479)
Completed 200 OK in 84ms (Views: 52.2ms | Allocations: 4047)


Started GET "/" for 127.0.0.1 at 2021-12-14 01:41:01 +0300
Processing by IndexController#input as HTML
  Rendering layout layouts/application.html.erb
  Rendering index/input.html.erb within layouts/application
  Rendered index/input.html.erb within layouts/application (Duration: 0.5ms | Allocations: 66)
[Webpacker] Everything's up-to-date. Nothing to do
  Rendered layout layouts/application.html.erb (Duration: 56.2ms | Allocations: 3520)
Completed 200 OK in 61ms (Views: 60.3ms | Allocations: 3901)


Started GET "/" for 127.0.0.1 at 2021-12-14 01:41:10 +0300
Processing by IndexController#input as HTML
  Rendering layout layouts/application.html.erb
  Rendering index/input.html.erb within layouts/application
  Rendered index/input.html.erb within layouts/application (Duration: 0.2ms | Allocations: 72)
[Webpacker] Everything's up-to-date. Nothing to do
  Rendered layout layouts/application.html.erb (Duration: 47.9ms | Allocations: 3527)
Completed 200 OK in 53ms (Views: 51.8ms | Allocations: 4024)


Started GET "/index/output?a=-1+-2+-3+-6+-6+" for 127.0.0.1 at 2021-12-14 01:41:14 +0300
Processing by IndexController#output as HTML
  Parameters: {"a"=>"-1 -2 -3 -6 -6 "}
  Rendering layout layouts/application.html.erb
  Rendering index/output.html.erb within layouts/application
  Rendered index/output.html.erb within layouts/application (Duration: 0.1ms | Allocations: 35)
[Webpacker] Everything's up-to-date. Nothing to do
  Rendered layout layouts/application.html.erb (Duration: 47.5ms | Allocations: 3479)
Completed 200 OK in 83ms (Views: 51.8ms | Allocations: 4052)


Started GET "/index/output?a=-1+-2+-3+-6+-6+" for 127.0.0.1 at 2021-12-14 01:41:35 +0300
Processing by IndexController#output as HTML
  Parameters: {"a"=>"-1 -2 -3 -6 -6 "}
  Rendering layout layouts/application.html.erb
  Rendering index/output.html.erb within layouts/application
  Rendered index/output.html.erb within layouts/application (Duration: 0.1ms | Allocations: 35)
[Webpacker] Everything's up-to-date. Nothing to do
  Rendered layout layouts/application.html.erb (Duration: 57.3ms | Allocations: 3461)
Completed 200 OK in 87ms (Views: 61.9ms | Allocations: 4161)


Started GET "/index/output?a=-1+-2+-3+-6+-6+" for 127.0.0.1 at 2021-12-14 01:42:05 +0300
Processing by IndexController#output as HTML
  Parameters: {"a"=>"-1 -2 -3 -6 -6 "}
  Rendering layout layouts/application.html.erb
  Rendering index/output.html.erb within layouts/application
  Rendered index/output.html.erb within layouts/application (Duration: 0.1ms | Allocations: 35)
[Webpacker] Everything's up-to-date. Nothing to do
  Rendered layout layouts/application.html.erb (Duration: 47.0ms | Allocations: 3497)
Completed 200 OK in 76ms (Views: 51.8ms | Allocations: 4245)


Started GET "/" for 127.0.0.1 at 2021-12-14 01:42:11 +0300
Processing by IndexController#input as HTML
  Rendering layout layouts/application.html.erb
  Rendering index/input.html.erb within layouts/application
  Rendered index/input.html.erb within layouts/application (Duration: 0.7ms | Allocations: 72)
[Webpacker] Everything's up-to-date. Nothing to do
  Rendered layout layouts/application.html.erb (Duration: 51.5ms | Allocations: 3521)
Completed 200 OK in 58ms (Views: 56.8ms | Allocations: 3899)


Started GET "/" for 127.0.0.1 at 2021-12-14 01:42:12 +0300
Processing by IndexController#input as HTML
  Rendering layout layouts/application.html.erb
  Rendering index/input.html.erb within layouts/application
  Rendered index/input.html.erb within layouts/application (Duration: 0.5ms | Allocations: 66)
[Webpacker] Everything's up-to-date. Nothing to do
  Rendered layout layouts/application.html.erb (Duration: 50.8ms | Allocations: 3512)
Completed 200 OK in 55ms (Views: 54.3ms | Allocations: 3889)


Started GET "/index/output?a=--+-+--+-+-" for 127.0.0.1 at 2021-12-14 01:42:15 +0300
Processing by IndexController#output as HTML
  Parameters: {"a"=>"-- - -- - -"}
  Rendering layout layouts/application.html.erb
  Rendering index/output.html.erb within layouts/application
  Rendered index/output.html.erb within layouts/application (Duration: 0.1ms | Allocations: 35)
[Webpacker] Everything's up-to-date. Nothing to do
  Rendered layout layouts/application.html.erb (Duration: 49.0ms | Allocations: 3487)
Completed 200 OK in 55ms (Views: 53.8ms | Allocations: 3927)


Started GET "/" for 127.0.0.1 at 2021-12-14 01:43:08 +0300
Processing by IndexController#input as HTML
  Rendering layout layouts/application.html.erb
  Rendering index/input.html.erb within layouts/application
  Rendered index/input.html.erb within layouts/application (Duration: 0.2ms | Allocations: 72)
[Webpacker] Everything's up-to-date. Nothing to do
  Rendered layout layouts/application.html.erb (Duration: 52.2ms | Allocations: 3498)
Completed 200 OK in 57ms (Views: 56.8ms | Allocations: 3991)


Started GET "/index/output?a=-+-+--+-+--+-5" for 127.0.0.1 at 2021-12-14 01:43:13 +0300
Processing by IndexController#output as HTML
  Parameters: {"a"=>"- - -- - -- -5"}
  Rendering layout layouts/application.html.erb
  Rendering index/output.html.erb within layouts/application
  Rendered index/output.html.erb within layouts/application (Duration: 0.1ms | Allocations: 35)
[Webpacker] Everything's up-to-date. Nothing to do
  Rendered layout layouts/application.html.erb (Duration: 54.7ms | Allocations: 3479)
Completed 200 OK in 86ms (Views: 59.2ms | Allocations: 4088)


Started GET "/" for 127.0.0.1 at 2021-12-14 01:43:16 +0300
Processing by IndexController#input as HTML
  Rendering layout layouts/application.html.erb
  Rendering index/input.html.erb within layouts/application
  Rendered index/input.html.erb within layouts/application (Duration: 0.2ms | Allocations: 66)
[Webpacker] Everything's up-to-date. Nothing to do
  Rendered layout layouts/application.html.erb (Duration: 50.4ms | Allocations: 3510)
Completed 200 OK in 54ms (Views: 53.9ms | Allocations: 3886)


Started GET "/index/output?a=-+-+-+-5" for 127.0.0.1 at 2021-12-14 01:43:21 +0300
Processing by IndexController#output as HTML
  Parameters: {"a"=>"- - - -5"}
  Rendering layout layouts/application.html.erb
  Rendering index/output.html.erb within layouts/application
  Rendered index/output.html.erb within layouts/application (Duration: 0.1ms | Allocations: 35)
[Webpacker] Everything's up-to-date. Nothing to do
  Rendered layout layouts/application.html.erb (Duration: 58.0ms | Allocations: 3489)
Completed 200 OK in 64ms (Views: 62.7ms | Allocations: 3902)


Started GET "/index/output?a=-+-+-+-5" for 127.0.0.1 at 2021-12-14 01:43:47 +0300
Processing by IndexController#output as HTML
  Parameters: {"a"=>"- - - -5"}
  Rendering layout layouts/application.html.erb
  Rendering index/output.html.erb within layouts/application
  Rendered index/output.html.erb within layouts/application (Duration: 0.1ms | Allocations: 35)
[Webpacker] Everything's up-to-date. Nothing to do
  Rendered layout layouts/application.html.erb (Duration: 51.6ms | Allocations: 3471)
Completed 200 OK in 82ms (Views: 56.6ms | Allocations: 4198)


Started GET "/" for 127.0.0.1 at 2021-12-14 01:44:47 +0300
Processing by IndexController#input as HTML
  Rendering layout layouts/application.html.erb
  Rendering index/input.html.erb within layouts/application
  Rendered index/input.html.erb within layouts/application (Duration: 0.5ms | Allocations: 72)
[Webpacker] Everything's up-to-date. Nothing to do
  Rendered layout layouts/application.html.erb (Duration: 55.0ms | Allocations: 3498)
Completed 200 OK in 61ms (Views: 60.1ms | Allocations: 3995)


Started GET "/" for 127.0.0.1 at 2021-12-14 01:44:47 +0300
Processing by IndexController#input as HTML
  Rendering layout layouts/application.html.erb
  Rendering index/input.html.erb within layouts/application
  Rendered index/input.html.erb within layouts/application (Duration: 0.3ms | Allocations: 66)
[Webpacker] Everything's up-to-date. Nothing to do
  Rendered layout layouts/application.html.erb (Duration: 58.5ms | Allocations: 3510)
Completed 200 OK in 63ms (Views: 62.8ms | Allocations: 3886)


Started GET "/index/output?a=asdf+asfd+" for 127.0.0.1 at 2021-12-14 01:44:49 +0300
Processing by IndexController#output as HTML
  Parameters: {"a"=>"asdf asfd "}
  Rendering layout layouts/application.html.erb
  Rendering index/output.html.erb within layouts/application
  Rendered index/output.html.erb within layouts/application (Duration: 0.1ms | Allocations: 35)
[Webpacker] Everything's up-to-date. Nothing to do
  Rendered layout layouts/application.html.erb (Duration: 54.3ms | Allocations: 3480)
Completed 200 OK in 93ms (Views: 57.4ms | Allocations: 4059)


Started GET "/index/output?a=-4+-5+-4" for 127.0.0.1 at 2021-12-14 01:44:57 +0300
Processing by IndexController#output as HTML
  Parameters: {"a"=>"-4 -5 -4"}
  Rendering layout layouts/application.html.erb
  Rendering index/output.html.erb within layouts/application
  Rendered index/output.html.erb within layouts/application (Duration: 0.1ms | Allocations: 35)
[Webpacker] Everything's up-to-date. Nothing to do
  Rendered layout layouts/application.html.erb (Duration: 47.3ms | Allocations: 3482)
Completed 200 OK in 52ms (Views: 51.6ms | Allocations: 3904)


Started GET "/index/output?a=-4+-5+-4" for 127.0.0.1 at 2021-12-14 01:45:08 +0300
Processing by IndexController#output as HTML
  Parameters: {"a"=>"-4 -5 -4"}
  Rendering layout layouts/application.html.erb
  Rendering index/output.html.erb within layouts/application
  Rendered index/output.html.erb within layouts/application (Duration: 0.1ms | Allocations: 35)
[Webpacker] Everything's up-to-date. Nothing to do
  Rendered layout layouts/application.html.erb (Duration: 42.1ms | Allocations: 3492)
Completed 200 OK in 66ms (Views: 44.8ms | Allocations: 4225)


Started GET "/index/output?a=-4+-5+-4" for 127.0.0.1 at 2021-12-14 01:45:10 +0300
Processing by IndexController#output as HTML
  Parameters: {"a"=>"-4 -5 -4"}
  Rendering layout layouts/application.html.erb
  Rendering index/output.html.erb within layouts/application
  Rendered index/output.html.erb within layouts/application (Duration: 0.3ms | Allocations: 35)
[Webpacker] Everything's up-to-date. Nothing to do
  Rendered layout layouts/application.html.erb (Duration: 56.9ms | Allocations: 3486)
Completed 200 OK in 65ms (Views: 64.1ms | Allocations: 3912)


Started GET "/index/output?a=-4+-5+-4" for 127.0.0.1 at 2021-12-14 01:46:03 +0300
Processing by IndexController#output as HTML
  Parameters: {"a"=>"-4 -5 -4"}
  Rendering layout layouts/application.html.erb
  Rendering index/output.html.erb within layouts/application
  Rendered index/output.html.erb within layouts/application (Duration: 0.1ms | Allocations: 35)
[Webpacker] Everything's up-to-date. Nothing to do
  Rendered layout layouts/application.html.erb (Duration: 48.6ms | Allocations: 3461)
Completed 200 OK in 87ms (Views: 53.0ms | Allocations: 4193)


Started GET "/" for 127.0.0.1 at 2021-12-14 01:46:06 +0300
Processing by IndexController#input as HTML
  Rendering layout layouts/application.html.erb
  Rendering index/input.html.erb within layouts/application
  Rendered index/input.html.erb within layouts/application (Duration: 0.3ms | Allocations: 72)
[Webpacker] Everything's up-to-date. Nothing to do
  Rendered layout layouts/application.html.erb (Duration: 49.5ms | Allocations: 3516)
Completed 200 OK in 56ms (Views: 54.6ms | Allocations: 3889)


Started GET "/" for 127.0.0.1 at 2021-12-14 01:46:06 +0300
Processing by IndexController#input as HTML
  Rendering layout layouts/application.html.erb
  Rendering index/input.html.erb within layouts/application
  Rendered index/input.html.erb within layouts/application (Duration: 0.3ms | Allocations: 66)
[Webpacker] Everything's up-to-date. Nothing to do
  Rendered layout layouts/application.html.erb (Duration: 48.3ms | Allocations: 3510)
Completed 200 OK in 51ms (Views: 50.8ms | Allocations: 3886)


Started GET "/index/output?a=-4+-5+-5" for 127.0.0.1 at 2021-12-14 01:46:10 +0300
Processing by IndexController#output as HTML
  Parameters: {"a"=>"-4 -5 -5"}
  Rendering layout layouts/application.html.erb
  Rendering index/output.html.erb within layouts/application
  Rendered index/output.html.erb within layouts/application (Duration: 0.1ms | Allocations: 35)
[Webpacker] Everything's up-to-date. Nothing to do
  Rendered layout layouts/application.html.erb (Duration: 45.9ms | Allocations: 3489)
Completed 200 OK in 50ms (Views: 49.2ms | Allocations: 3916)


Started GET "/" for 127.0.0.1 at 2021-12-14 01:51:06 +0300
Processing by IndexController#input as HTML
  Rendering layout layouts/application.html.erb
  Rendering index/input.html.erb within layouts/application
  Rendered index/input.html.erb within layouts/application (Duration: 2.9ms | Allocations: 72)
[Webpacker] Everything's up-to-date. Nothing to do
  Rendered layout layouts/application.html.erb (Duration: 61.2ms | Allocations: 3508)
Completed 200 OK in 66ms (Views: 64.3ms | Allocations: 4006)


Started GET "/" for 127.0.0.1 at 2021-12-14 01:51:06 +0300
Processing by IndexController#input as HTML
  Rendering layout layouts/application.html.erb
  Rendering index/input.html.erb within layouts/application
  Rendered index/input.html.erb within layouts/application (Duration: 0.2ms | Allocations: 66)
[Webpacker] Everything's up-to-date. Nothing to do
  Rendered layout layouts/application.html.erb (Duration: 50.0ms | Allocations: 3510)
Completed 200 OK in 55ms (Views: 54.6ms | Allocations: 3886)


Started GET "/index/output?a=1+a" for 127.0.0.1 at 2021-12-14 01:51:09 +0300
Processing by IndexController#output as HTML
  Parameters: {"a"=>"1 a"}
Completed 500 Internal Server Error in 30ms (Allocations: 1514)


  
NoMethodError (undefined method `length' for nil:NilClass):
  
app/controllers/index_controller.rb:9:in `output'
Started GET "/index/output?a=1+a" for 127.0.0.1 at 2021-12-14 01:56:42 +0300
Processing by IndexController#output as HTML
  Parameters: {"a"=>"1 a"}
  Rendering layout layouts/application.html.erb
  Rendering index/output.html.erb within layouts/application
  Rendered index/output.html.erb within layouts/application (Duration: 3.5ms | Allocations: 395)
[Webpacker] Everything's up-to-date. Nothing to do
  Rendered layout layouts/application.html.erb (Duration: 50.7ms | Allocations: 3961)
Completed 200 OK in 63ms (Views: 55.3ms | Allocations: 5452)


Started GET "/" for 127.0.0.1 at 2021-12-14 01:56:43 +0300
Processing by IndexController#input as HTML
  Rendering layout layouts/application.html.erb
  Rendering index/input.html.erb within layouts/application
  Rendered index/input.html.erb within layouts/application (Duration: 5.3ms | Allocations: 204)
[Webpacker] Everything's up-to-date. Nothing to do
  Rendered layout layouts/application.html.erb (Duration: 55.0ms | Allocations: 3651)
Completed 200 OK in 63ms (Views: 60.8ms | Allocations: 4151)


Started GET "/" for 127.0.0.1 at 2021-12-14 01:56:43 +0300
Processing by IndexController#input as HTML
  Rendering layout layouts/application.html.erb
  Rendering index/input.html.erb within layouts/application
  Rendered index/input.html.erb within layouts/application (Duration: 0.1ms | Allocations: 66)
[Webpacker] Everything's up-to-date. Nothing to do
  Rendered layout layouts/application.html.erb (Duration: 49.9ms | Allocations: 3510)
Completed 200 OK in 53ms (Views: 52.7ms | Allocations: 3887)


Started GET "/index/output?a=a+s+d" for 127.0.0.1 at 2021-12-14 01:56:49 +0300
Processing by IndexController#output as HTML
  Parameters: {"a"=>"a s d"}
  Rendering layout layouts/application.html.erb
  Rendering index/output.html.erb within layouts/application
  Rendered index/output.html.erb within layouts/application (Duration: 0.1ms | Allocations: 35)
[Webpacker] Everything's up-to-date. Nothing to do
  Rendered layout layouts/application.html.erb (Duration: 47.3ms | Allocations: 3417)
Completed 200 OK in 52ms (Views: 51.5ms | Allocations: 4123)


Started GET "/index/output?a=1+2+3" for 127.0.0.1 at 2021-12-14 01:57:31 +0300
Processing by IndexController#output as HTML
  Parameters: {"a"=>"1 2 3"}
Completed 500 Internal Server Error in 2ms (Allocations: 1526)


  
NoMethodError (undefined method `length' for 3:Integer):
  
app/controllers/index_controller.rb:7:in `output'
Started GET "/index/output?a=a+s+d+" for 127.0.0.1 at 2021-12-14 01:58:17 +0300
Processing by IndexController#output as HTML
  Parameters: {"a"=>"a s d "}
  Rendering layout layouts/application.html.erb
  Rendering index/output.html.erb within layouts/application
  Rendered index/output.html.erb within layouts/application (Duration: 4.7ms | Allocations: 378)
[Webpacker] Everything's up-to-date. Nothing to do
  Rendered layout layouts/application.html.erb (Duration: 51.8ms | Allocations: 3944)
Completed 200 OK in 57ms (Views: 56.3ms | Allocations: 5366)


Started GET "/index/output?a=a+s+d+" for 127.0.0.1 at 2021-12-14 01:59:12 +0300
Processing by IndexController#output as HTML
  Parameters: {"a"=>"a s d "}
  Rendering layout layouts/application.html.erb
  Rendering index/output.html.erb within layouts/application
  Rendered index/output.html.erb within layouts/application (Duration: 0.1ms | Allocations: 35)
[Webpacker] Everything's up-to-date. Nothing to do
  Rendered layout layouts/application.html.erb (Duration: 54.2ms | Allocations: 3430)
Completed 200 OK in 79ms (Views: 57.6ms | Allocations: 4435)


Started GET "/index/output?a=a+s+d+" for 127.0.0.1 at 2021-12-14 02:01:55 +0300
Processing by IndexController#output as HTML
  Parameters: {"a"=>"a s d "}
  Rendering layout layouts/application.html.erb
  Rendering index/output.html.erb within layouts/application
  Rendered index/output.html.erb within layouts/application (Duration: 3.1ms | Allocations: 382)
[Webpacker] Everything's up-to-date. Nothing to do
  Rendered layout layouts/application.html.erb (Duration: 61.5ms | Allocations: 3948)
Completed 200 OK in 71ms (Views: 65.7ms | Allocations: 5442)


Started GET "/index/output?a=1+2+3" for 127.0.0.1 at 2021-12-14 02:01:58 +0300
Processing by IndexController#output as HTML
  Parameters: {"a"=>"1 2 3"}
Completed 500 Internal Server Error in 3ms (Allocations: 1522)


  
NoMethodError (undefined method `length' for 3:Integer):
  
app/controllers/index_controller.rb:9:in `output'
Started GET "/index/output?a=a+s+d+" for 127.0.0.1 at 2021-12-14 02:02:06 +0300
Processing by IndexController#output as HTML
  Parameters: {"a"=>"a s d "}
  Rendering layout layouts/application.html.erb
  Rendering index/output.html.erb within layouts/application
  Rendered index/output.html.erb within layouts/application (Duration: 0.1ms | Allocations: 35)
[Webpacker] Everything's up-to-date. Nothing to do
  Rendered layout layouts/application.html.erb (Duration: 56.6ms | Allocations: 3427)
Completed 200 OK in 62ms (Views: 60.2ms | Allocations: 4141)


Started GET "/index/output?a=a+" for 127.0.0.1 at 2021-12-14 02:06:35 +0300
Processing by IndexController#output as HTML
  Parameters: {"a"=>"a "}
  Rendering layout layouts/application.html.erb
  Rendering index/output.html.erb within layouts/application
  Rendered index/output.html.erb within layouts/application (Duration: 3.4ms | Allocations: 378)
[Webpacker] Everything's up-to-date. Nothing to do
  Rendered layout layouts/application.html.erb (Duration: 61.9ms | Allocations: 3934)
Completed 200 OK in 90ms (Views: 66.0ms | Allocations: 5530)


Started GET "/index/output?a=1+2+3+" for 127.0.0.1 at 2021-12-14 02:06:40 +0300
Processing by IndexController#output as HTML
  Parameters: {"a"=>"1 2 3 "}
  Rendering layout layouts/application.html.erb
  Rendering index/output.html.erb within layouts/application
  Rendered index/output.html.erb within layouts/application (Duration: 0.1ms | Allocations: 35)
[Webpacker] Everything's up-to-date. Nothing to do
  Rendered layout layouts/application.html.erb (Duration: 45.9ms | Allocations: 3487)
Completed 200 OK in 51ms (Views: 50.7ms | Allocations: 3896)


Started GET "/index/output?a=1+2+3+6+6+" for 127.0.0.1 at 2021-12-14 02:06:47 +0300
Processing by IndexController#output as HTML
  Parameters: {"a"=>"1 2 3 6 6 "}
  Rendering layout layouts/application.html.erb
  Rendering index/output.html.erb within layouts/application
  Rendered index/output.html.erb within layouts/application (Duration: 0.3ms | Allocations: 79)
[Webpacker] Everything's up-to-date. Nothing to do
  Rendered layout layouts/application.html.erb (Duration: 52.1ms | Allocations: 3523)
Completed 200 OK in 57ms (Views: 56.5ms | Allocations: 3965)


Started GET "/" for 127.0.0.1 at 2021-12-14 02:09:26 +0300
Processing by IndexController#input as HTML
  Rendering layout layouts/application.html.erb
  Rendering index/input.html.erb within layouts/application
  Rendered index/input.html.erb within layouts/application (Duration: 4.2ms | Allocations: 209)
[Webpacker] Everything's up-to-date. Nothing to do
  Rendered layout layouts/application.html.erb (Duration: 73.5ms | Allocations: 3664)
Completed 200 OK in 81ms (Views: 77.9ms | Allocations: 4166)


Started GET "/" for 127.0.0.1 at 2021-12-14 02:09:29 +0300
Processing by IndexController#input as HTML
  Rendering layout layouts/application.html.erb
  Rendering index/input.html.erb within layouts/application
  Rendered index/input.html.erb within layouts/application (Duration: 1.2ms | Allocations: 66)
[Webpacker] Everything's up-to-date. Nothing to do
  Rendered layout layouts/application.html.erb (Duration: 83.6ms | Allocations: 3510)
Completed 200 OK in 92ms (Views: 90.8ms | Allocations: 3884)


Started GET "/index/input" for 127.0.0.1 at 2021-12-14 02:09:30 +0300
  
ActionController::RoutingError (No route matches [GET] "/index/input"):
  
Started GET "/index/input" for 127.0.0.1 at 2021-12-14 02:09:31 +0300
  
ActionController::RoutingError (No route matches [GET] "/index/input"):
  
Started GET "/index/output?a=" for 127.0.0.1 at 2021-12-14 02:09:31 +0300
Processing by IndexController#output as HTML
  Parameters: {"a"=>""}
  Rendering layout layouts/application.html.erb
  Rendering index/output.html.erb within layouts/application
  Rendered index/output.html.erb within layouts/application (Duration: 0.1ms | Allocations: 35)
[Webpacker] Everything's up-to-date. Nothing to do
  Rendered layout layouts/application.html.erb (Duration: 48.9ms | Allocations: 3493)
Completed 200 OK in 53ms (Views: 52.2ms | Allocations: 3881)


Started GET "/index/output" for 127.0.0.1 at 2021-12-14 02:09:33 +0300
Processing by IndexController#output as HTML
Completed 500 Internal Server Error in 3ms (Allocations: 1072)


  
NoMethodError (undefined method `length' for nil:NilClass):
  
lib/solve.rb:26:in `execute'
lib/solve.rb:4:in `call'
app/controllers/index_controller.rb:5:in `output'
Started GET "/index/output" for 127.0.0.1 at 2021-12-14 02:10:17 +0300
Processing by IndexController#output as HTML
  Rendering layout layouts/application.html.erb
  Rendering index/output.html.erb within layouts/application
  Rendered index/output.html.erb within layouts/application (Duration: 0.1ms | Allocations: 36)
[Webpacker] Everything's up-to-date. Nothing to do
  Rendered layout layouts/application.html.erb (Duration: 48.0ms | Allocations: 3472)
Completed 200 OK in 81ms (Views: 51.7ms | Allocations: 4177)


Started GET "/" for 127.0.0.1 at 2021-12-14 02:12:50 +0300
Processing by IndexController#input as HTML
  Rendering layout layouts/application.html.erb
  Rendering index/input.html.erb within layouts/application
  Rendered index/input.html.erb within layouts/application (Duration: 0.4ms | Allocations: 72)
[Webpacker] Everything's up-to-date. Nothing to do
  Rendered layout layouts/application.html.erb (Duration: 66.9ms | Allocations: 3516)
Completed 200 OK in 77ms (Views: 76.0ms | Allocations: 3889)


Started GET "/" for 127.0.0.1 at 2021-12-14 02:12:51 +0300
Processing by IndexController#input as HTML
  Rendering layout layouts/application.html.erb
  Rendering index/input.html.erb within layouts/application
  Rendered index/input.html.erb within layouts/application (Duration: 0.3ms | Allocations: 66)
[Webpacker] Everything's up-to-date. Nothing to do
  Rendered layout layouts/application.html.erb (Duration: 88.7ms | Allocations: 3510)
Completed 200 OK in 97ms (Views: 96.1ms | Allocations: 3886)


Started GET "/index/output?a=1+2+6+6" for 127.0.0.1 at 2021-12-14 02:12:57 +0300
Processing by IndexController#output as HTML
  Parameters: {"a"=>"1 2 6 6"}
  Rendering layout layouts/application.html.erb
  Rendering index/output.html.erb within layouts/application
  Rendered index/output.html.erb within layouts/application (Duration: 0.1ms | Allocations: 79)
[Webpacker] Everything's up-to-date. Nothing to do
  Rendered layout layouts/application.html.erb (Duration: 55.3ms | Allocations: 3523)
Completed 200 OK in 61ms (Views: 60.0ms | Allocations: 3959)


Started GET "/index/output?a=1+2+6+6" for 127.0.0.1 at 2021-12-14 02:43:58 +0300
Processing by IndexController#output as HTML
  Parameters: {"a"=>"1 2 6 6"}
  Rendering layout layouts/application.html.erb
  Rendering index/output.html.erb within layouts/application
  Rendered index/output.html.erb within layouts/application (Duration: 0.2ms | Allocations: 79)
[Webpacker] Everything's up-to-date. Nothing to do
  Rendered layout layouts/application.html.erb (Duration: 59.8ms | Allocations: 3515)
Completed 200 OK in 86ms (Views: 63.7ms | Allocations: 4267)


Started GET "/index/output?a=1+2+6+6" for 127.0.0.1 at 2021-12-14 02:44:09 +0300
Processing by IndexController#output as HTML
  Parameters: {"a"=>"1 2 6 6"}
  Rendering layout layouts/application.html.erb
  Rendering index/output.html.erb within layouts/application
  Rendered index/output.html.erb within layouts/application (Duration: 0.1ms | Allocations: 79)
[Webpacker] Everything's up-to-date. Nothing to do
  Rendered layout layouts/application.html.erb (Duration: 44.9ms | Allocations: 3539)
Completed 200 OK in 66ms (Views: 48.9ms | Allocations: 4295)


Started GET "/index/output?a=1+2+6+6" for 127.0.0.1 at 2021-12-14 02:53:45 +0300
Processing by IndexController#output as HTML
  Parameters: {"a"=>"1 2 6 6"}
  Rendering layout layouts/application.html.erb
  Rendering index/output.html.erb within layouts/application
  Rendered index/output.html.erb within layouts/application (Duration: 0.5ms | Allocations: 79)
[Webpacker] Everything's up-to-date. Nothing to do
  Rendered layout layouts/application.html.erb (Duration: 48.8ms | Allocations: 3515)
Completed 200 OK in 74ms (Views: 54.1ms | Allocations: 4272)


Started GET "/index/output?a=1+2+6+6" for 127.0.0.1 at 2021-12-14 02:54:19 +0300
Processing by IndexController#output as HTML
  Parameters: {"a"=>"1 2 6 6"}
  Rendering layout layouts/application.html.erb
  Rendering index/output.html.erb within layouts/application
  Rendered index/output.html.erb within layouts/application (Duration: 0.2ms | Allocations: 79)
[Webpacker] Everything's up-to-date. Nothing to do
  Rendered layout layouts/application.html.erb (Duration: 57.6ms | Allocations: 3515)
Completed 200 OK in 84ms (Views: 61.7ms | Allocations: 4265)


Started GET "/index/output?a=1+2+6+6" for 127.0.0.1 at 2021-12-14 02:56:49 +0300
Processing by IndexController#output as HTML
  Parameters: {"a"=>"1 2 6 6"}
  Rendering layout layouts/application.html.erb
  Rendering index/output.html.erb within layouts/application
  Rendered index/output.html.erb within layouts/application (Duration: 0.2ms | Allocations: 79)
[Webpacker] Everything's up-to-date. Nothing to do
  Rendered layout layouts/application.html.erb (Duration: 54.8ms | Allocations: 3515)
Completed 200 OK in 87ms (Views: 58.6ms | Allocations: 4267)


Started GET "/index/output?a=1+2+6+6" for 127.0.0.1 at 2021-12-14 02:56:51 +0300
Processing by IndexController#output as HTML
  Parameters: {"a"=>"1 2 6 6"}
  Rendering layout layouts/application.html.erb
  Rendering index/output.html.erb within layouts/application
  Rendered index/output.html.erb within layouts/application (Duration: 0.2ms | Allocations: 79)
[Webpacker] Everything's up-to-date. Nothing to do
  Rendered layout layouts/application.html.erb (Duration: 51.0ms | Allocations: 3523)
Completed 200 OK in 57ms (Views: 56.0ms | Allocations: 3958)


Started GET "/index/output?a=1+2+6+6" for 127.0.0.1 at 2021-12-14 02:56:52 +0300
Processing by IndexController#output as HTML
  Parameters: {"a"=>"1 2 6 6"}
  Rendering layout layouts/application.html.erb
  Rendering index/output.html.erb within layouts/application
  Rendered index/output.html.erb within layouts/application (Duration: 0.2ms | Allocations: 79)
[Webpacker] Everything's up-to-date. Nothing to do
  Rendered layout layouts/application.html.erb (Duration: 55.4ms | Allocations: 3533)
Completed 200 OK in 61ms (Views: 60.3ms | Allocations: 3971)


Started GET "/index/output?a=1+2+6+6" for 127.0.0.1 at 2021-12-14 02:56:53 +0300
Processing by IndexController#output as HTML
  Parameters: {"a"=>"1 2 6 6"}
  Rendering layout layouts/application.html.erb
  Rendering index/output.html.erb within layouts/application
  Rendered index/output.html.erb within layouts/application (Duration: 0.1ms | Allocations: 79)
[Webpacker] Everything's up-to-date. Nothing to do
  Rendered layout layouts/application.html.erb (Duration: 52.8ms | Allocations: 3523)
Completed 200 OK in 61ms (Views: 59.4ms | Allocations: 3958)


Started GET "/" for 127.0.0.1 at 2021-12-19 14:06:37 +0300
  [1m[35m (2.6ms)[0m  [1m[34mSELECT sqlite_version(*)[0m
  [1m[35m (1.9ms)[0m  [1m[34mSELECT "schema_migrations"."version" FROM "schema_migrations" ORDER BY "schema_migrations"."version" ASC[0m
Processing by IndexController#input as HTML
  Rendering layout layouts/application.html.erb
  Rendering index/input.html.erb within layouts/application
  Rendered index/input.html.erb within layouts/application (Duration: 4.1ms | Allocations: 361)
[Webpacker] Everything's up-to-date. Nothing to do
  Rendered layout layouts/application.html.erb (Duration: 119.0ms | Allocations: 5882)
Completed 200 OK in 148ms (Views: 130.4ms | ActiveRecord: 0.0ms | Allocations: 8546)


Started GET "/" for 127.0.0.1 at 2021-12-19 14:07:27 +0300
Processing by IndexController#input as HTML
  Rendering layout layouts/application.html.erb
  Rendering index/input.html.erb within layouts/application
  Rendered index/input.html.erb within layouts/application (Duration: 9.2ms | Allocations: 200)
[Webpacker] Everything's up-to-date. Nothing to do
  Rendered layout layouts/application.html.erb (Duration: 81.9ms | Allocations: 3820)
Completed 200 OK in 91ms (Views: 88.5ms | ActiveRecord: 0.0ms | Allocations: 4916)


Started GET "/" for 127.0.0.1 at 2021-12-19 14:10:04 +0300
Processing by IndexController#input as HTML
  Rendering layout layouts/application.html.erb
  Rendering index/input.html.erb within layouts/application
  Rendered index/input.html.erb within layouts/application (Duration: 4.8ms | Allocations: 200)
[Webpacker] Everything's up-to-date. Nothing to do
  Rendered layout layouts/application.html.erb (Duration: 74.7ms | Allocations: 3820)
Completed 200 OK in 83ms (Views: 82.1ms | ActiveRecord: 0.0ms | Allocations: 4908)


Started GET "/" for 127.0.0.1 at 2021-12-19 14:10:43 +0300
Processing by IndexController#input as HTML
  Rendering layout layouts/application.html.erb
  Rendering index/input.html.erb within layouts/application
  Rendered index/input.html.erb within layouts/application (Duration: 0.2ms | Allocations: 72)
[Webpacker] Everything's up-to-date. Nothing to do
  Rendered layout layouts/application.html.erb (Duration: 40.0ms | Allocations: 3510)
Completed 200 OK in 43ms (Views: 42.9ms | Allocations: 4173)


Started GET "/index/output?a=1+2+3+4+5+6+6+6+6+5+4+3+2+1" for 127.0.0.1 at 2021-12-19 14:10:55 +0300
Processing by IndexController#output as HTML
  Parameters: {"a"=>"1 2 3 4 5 6 6 6 6 5 4 3 2 1"}
  Rendering layout layouts/application.html.erb
  Rendering index/output.html.erb within layouts/application
  Rendered index/output.html.erb within layouts/application (Duration: 2.4ms | Allocations: 1056)
[Webpacker] Everything's up-to-date. Nothing to do
  Rendered layout layouts/application.html.erb (Duration: 49.0ms | Allocations: 4505)
Completed 200 OK in 80ms (Views: 52.1ms | Allocations: 5501)


Started GET "/index/output?a=1+2+3+4+5+6+6+6+6+5+4+3+2+1" for 127.0.0.1 at 2021-12-19 14:12:12 +0300
Processing by IndexController#output as HTML
  Parameters: {"a"=>"1 2 3 4 5 6 6 6 6 5 4 3 2 1"}
  Rendering layout layouts/application.html.erb
  Rendering index/output.html.erb within layouts/application
  Rendered index/output.html.erb within layouts/application (Duration: 0.5ms | Allocations: 570)
[Webpacker] Everything's up-to-date. Nothing to do
  Rendered layout layouts/application.html.erb (Duration: 61.4ms | Allocations: 4003)
Completed 200 OK in 83ms (Views: 65.5ms | Allocations: 4948)


Started GET "/index/output?a=1+2+3+4+5+6+6+6+6+5+4+3+2+1" for 127.0.0.1 at 2021-12-19 14:12:52 +0300
Processing by IndexController#output as HTML
  Parameters: {"a"=>"1 2 3 4 5 6 6 6 6 5 4 3 2 1"}
  Rendering layout layouts/application.html.erb
  Rendering index/output.html.erb within layouts/application
  Rendered index/output.html.erb within layouts/application (Duration: 0.3ms | Allocations: 698)
[Webpacker] Everything's up-to-date. Nothing to do
  Rendered layout layouts/application.html.erb (Duration: 47.7ms | Allocations: 4124)
Completed 200 OK in 70ms (Views: 50.3ms | Allocations: 5091)


Started GET "/index/output?a=1+2+3+4+5+6+6+6+6+5+4+3+2+1" for 127.0.0.1 at 2021-12-19 14:13:37 +0300
Processing by IndexController#output as HTML
  Parameters: {"a"=>"1 2 3 4 5 6 6 6 6 5 4 3 2 1"}
  Rendering layout layouts/application.html.erb
  Rendering index/output.html.erb within layouts/application
  Rendered index/output.html.erb within layouts/application (Duration: 0.1ms | Allocations: 251)
[Webpacker] Everything's up-to-date. Nothing to do
  Rendered layout layouts/application.html.erb (Duration: 46.0ms | Allocations: 3688)
Completed 200 OK in 69ms (Views: 49.2ms | Allocations: 4540)


Started GET "/" for 127.0.0.1 at 2021-12-19 14:13:51 +0300
Processing by IndexController#input as HTML
  Rendering layout layouts/application.html.erb
  Rendering index/input.html.erb within layouts/application
  Rendered index/input.html.erb within layouts/application (Duration: 0.2ms | Allocations: 72)
[Webpacker] Everything's up-to-date. Nothing to do
  Rendered layout layouts/application.html.erb (Duration: 49.5ms | Allocations: 3526)
Completed 200 OK in 56ms (Views: 54.7ms | Allocations: 3908)


Started GET "/index/output?a=3+2+1" for 127.0.0.1 at 2021-12-19 14:13:55 +0300
Processing by IndexController#output as HTML
  Parameters: {"a"=>"3 2 1"}
  Rendering layout layouts/application.html.erb
  Rendering index/output.html.erb within layouts/application
  Rendered index/output.html.erb within layouts/application (Duration: 0.1ms | Allocations: 35)
[Webpacker] Everything's up-to-date. Nothing to do
  Rendered layout layouts/application.html.erb (Duration: 50.2ms | Allocations: 3479)
Completed 200 OK in 56ms (Views: 55.2ms | Allocations: 3874)


Started GET "/index/output?a=1+2+3" for 127.0.0.1 at 2021-12-19 14:14:00 +0300
Processing by IndexController#output as HTML
  Parameters: {"a"=>"1 2 3"}
  Rendering layout layouts/application.html.erb
  Rendering index/output.html.erb within layouts/application
  Rendered index/output.html.erb within layouts/application (Duration: 0.2ms | Allocations: 85)
[Webpacker] Everything's up-to-date. Nothing to do
  Rendered layout layouts/application.html.erb (Duration: 43.5ms | Allocations: 3529)
Completed 200 OK in 47ms (Views: 46.9ms | Allocations: 3946)


Started GET "/index/output?a=1+2+3+3+3" for 127.0.0.1 at 2021-12-19 14:15:19 +0300
Processing by IndexController#output as HTML
  Parameters: {"a"=>"1 2 3 3 3"}
  Rendering layout layouts/application.html.erb
  Rendering index/output.html.erb within layouts/application
  Rendered index/output.html.erb within layouts/application (Duration: 0.3ms | Allocations: 85)
[Webpacker] Everything's up-to-date. Nothing to do
  Rendered layout layouts/application.html.erb (Duration: 49.6ms | Allocations: 3532)
Completed 200 OK in 55ms (Views: 53.6ms | Allocations: 3961)


Started GET "/" for 127.0.0.1 at 2021-12-25 00:16:20 +0300
  [1m[35m (24.1ms)[0m  [1m[34mSELECT sqlite_version(*)[0m
  [1m[35m (1.6ms)[0m  [1m[34mSELECT "schema_migrations"."version" FROM "schema_migrations" ORDER BY "schema_migrations"."version" ASC[0m
Processing by IndexController#input as HTML
  Rendering layout layouts/application.html.erb
  Rendering index/input.html.erb within layouts/application
  Rendered index/input.html.erb within layouts/application (Duration: 34.1ms | Allocations: 470)
[Webpacker] Everything's up-to-date. Nothing to do
  Rendered layout layouts/application.html.erb (Duration: 1073.7ms | Allocations: 7638)
Completed 200 OK in 1650ms (Views: 1192.7ms | ActiveRecord: 0.0ms | Allocations: 11375)


Started GET "/index/output?a=55" for 127.0.0.1 at 2021-12-25 00:16:35 +0300
Processing by IndexController#output as HTML
  Parameters: {"a"=>"55"}
  Rendering layout layouts/application.html.erb
  Rendering index/output.html.erb within layouts/application
  Rendered index/output.html.erb within layouts/application (Duration: 10.9ms | Allocations: 396)
[Webpacker] Everything's up-to-date. Nothing to do
  Rendered layout layouts/application.html.erb (Duration: 133.7ms | Allocations: 3851)
Completed 200 OK in 174ms (Views: 134.5ms | ActiveRecord: 0.0ms | Allocations: 4576)


Started GET "/" for 127.0.0.1 at 2021-12-25 00:16:40 +0300
Processing by IndexController#input as HTML
  Rendering layout layouts/application.html.erb
  Rendering index/input.html.erb within layouts/application
  Rendered index/input.html.erb within layouts/application (Duration: 0.3ms | Allocations: 70)
[Webpacker] Everything's up-to-date. Nothing to do
  Rendered layout layouts/application.html.erb (Duration: 125.5ms | Allocations: 3516)
Completed 200 OK in 127ms (Views: 126.5ms | ActiveRecord: 0.0ms | Allocations: 3895)


Started GET "/index/output?a=1+3+5+6+3+5664+43+5+6+3+4+5" for 127.0.0.1 at 2021-12-25 00:16:50 +0300
Processing by IndexController#output as HTML
  Parameters: {"a"=>"1 3 5 6 3 5664 43 5 6 3 4 5"}
  Rendering layout layouts/application.html.erb
  Rendering index/output.html.erb within layouts/application
  Rendered index/output.html.erb within layouts/application (Duration: 0.2ms | Allocations: 186)
[Webpacker] Everything's up-to-date. Nothing to do
  Rendered layout layouts/application.html.erb (Duration: 125.2ms | Allocations: 3632)
Completed 200 OK in 127ms (Views: 126.1ms | ActiveRecord: 0.0ms | Allocations: 4123)


